
15413@Siddharths-MacBook-Pro.local/6f2cc46e23ad01083e45e257-0000000000000001 => ::1 - - [14/Mar/2022:06:59:28 +0000] "method /api/v1/services/service-requests-status HTTP/1.1" 200 51
15413@Siddharths-MacBook-Pro.local/6f2cc46e23ad01083e45e257-0000000000000002 => ::1 - - [14/Mar/2022:07:00:04 +0000] "method /api/v1/auth/login HTTP/1.1" 404 156
15413@Siddharths-MacBook-Pro.local/6f2cc46e23ad01083e45e257-0000000000000003 => ::1 - - [14/Mar/2022:07:00:17 +0000] "method /api/v1/common/uploads/pdf HTTP/1.1" 200 77
15413@Siddharths-MacBook-Pro.local/6f2cc46e23ad01083e45e257-0000000000000004 => ::1 - - [14/Mar/2022:07:00:46 +0000] "method /api/v1/common/uploads/pdf HTTP/1.1" 200 81
15413@Siddharths-MacBook-Pro.local/6f2cc46e23ad01083e45e257-0000000000000005 => ::1 - - [14/Mar/2022:07:00:52 +0000] "method /api/v1/common/uploads/pdf HTTP/1.1" 200 77
15413@Siddharths-MacBook-Pro.local/6f2cc46e23ad01083e45e257-0000000000000006 => ::1 - - [14/Mar/2022:07:00:57 +0000] "method /api/v1/common/uploads/pdf HTTP/1.1" 200 81
15413@Siddharths-MacBook-Pro.local/6f2cc46e23ad01083e45e257-0000000000000007 => ::1 - - [14/Mar/2022:07:01:21 +0000] "method /api/v1/common/uploads/pdf HTTP/1.1" 200 81
15413@Siddharths-MacBook-Pro.local/6f2cc46e23ad01083e45e257-0000000000000008 => ::1 - - [14/Mar/2022:07:01:24 +0000] "method /api/v1/common/uploads/pdf HTTP/1.1" 200 81
15413@Siddharths-MacBook-Pro.local/6f2cc46e23ad01083e45e257-0000000000000009 => ::1 - - [14/Mar/2022:07:01:29 +0000] "method /api/v1/common/uploads/pdf HTTP/1.1" 200 77
15413@Siddharths-MacBook-Pro.local/6f2cc46e23ad01083e45e257-0000000000000010 => ::1 - - [14/Mar/2022:07:04:03 +0000] "method /api/v1/services/service-requests?page=1&perPage=30 HTTP/1.1" 200 51
15413@Siddharths-MacBook-Pro.local/6f2cc46e23ad01083e45e257-0000000000000011 => ::1 - - [14/Mar/2022:07:04:08 +0000] "method /api/v1/auth/login HTTP/1.1" 200 346
15413@Siddharths-MacBook-Pro.local/6f2cc46e23ad01083e45e257-0000000000000012 => ::1 - - [14/Mar/2022:07:04:28 +0000] "method /api/v1/services/service-requests?page=1&perPage=30 HTTP/1.1" 200 51
15413@Siddharths-MacBook-Pro.local/6f2cc46e23ad01083e45e257-0000000000000013 => ::1 - - [14/Mar/2022:07:04:41 +0000] "method /api/v1/services/service-requests?page=1&perPage=30 HTTP/1.1" 200 6021
15413@Siddharths-MacBook-Pro.local/6f2cc46e23ad01083e45e257-0000000000000014 => ::1 - - [14/Mar/2022:07:04:53 +0000] "method /api/v1/services/service-requests?page=2&perPage=10 HTTP/1.1" 200 2530
15413@Siddharths-MacBook-Pro.local/6f2cc46e23ad01083e45e257-0000000000000015 => ::1 - - [14/Mar/2022:07:05:11 +0000] "method /api/v1/services/service-requests?page=2&perPage=10 HTTP/1.1" 200 2530
15413@Siddharths-MacBook-Pro.local/6f2cc46e23ad01083e45e257-0000000000000016 => ::1 - - [14/Mar/2022:07:05:11 +0000] "method /api/v1/services/service-requests?page=2&perPage=10 HTTP/1.1" 200 2530
15413@Siddharths-MacBook-Pro.local/6f2cc46e23ad01083e45e257-0000000000000017 => ::1 - - [14/Mar/2022:07:05:20 +0000] "method /api/v1/services/service-requests?page=2&perPage=1 HTTP/1.1" 200 368
15413@Siddharths-MacBook-Pro.local/6f2cc46e23ad01083e45e257-0000000000000018 => ::1 - - [14/Mar/2022:07:05:43 +0000] "method /api/v1/services/service-requests?page=2&perPage=1 HTTP/1.1" 200 368
15413@Siddharths-MacBook-Pro.local/6f2cc46e23ad01083e45e257-0000000000000019 => ::1 - - [14/Mar/2022:07:06:06 +0000] "method /api/v1/customer/get-service-requests HTTP/1.1" 404 175
15413@Siddharths-MacBook-Pro.local/6f2cc46e23ad01083e45e257-0000000000000020 => ::1 - - [14/Mar/2022:07:06:36 +0000] "method /api/v1/services/service-requests/622b28b684c95fedc9258b77 HTTP/1.1" 200 51
15413@Siddharths-MacBook-Pro.local/6f2cc46e23ad01083e45e257-0000000000000021 => ::1 - - [14/Mar/2022:07:06:46 +0000] "method /api/v1/services/service-requests/622b28b684c95fedc9258b77 HTTP/1.1" 200 51
15413@Siddharths-MacBook-Pro.local/6f2cc46e23ad01083e45e257-0000000000000022 => ::1 - - [14/Mar/2022:07:07:37 +0000] "method /api/v1/services/service-requests-status HTTP/1.1" 200 51
15413@Siddharths-MacBook-Pro.local/6f2cc46e23ad01083e45e257-0000000000000023 => ::1 - - [14/Mar/2022:07:08:10 +0000] "method /api/v1/services/service-requests-status HTTP/1.1" 200 76
15413@Siddharths-MacBook-Pro.local/6f2cc46e23ad01083e45e257-0000000000000024 => ::1 - - [14/Mar/2022:07:08:35 +0000] "method /api/v1/services/service-requests?page=2&perPage=1 HTTP/1.1" 200 368
15413@Siddharths-MacBook-Pro.local/6f2cc46e23ad01083e45e257-0000000000000025 => ::1 - - [14/Mar/2022:07:08:55 +0000] "method /api/v1/services/service-requests/622d5fd47a1cad2170f7a574 HTTP/1.1" 200 51
15413@Siddharths-MacBook-Pro.local/6f2cc46e23ad01083e45e257-0000000000000026 => ::1 - - [14/Mar/2022:07:09:02 +0000] "method /api/v1/services/service-requests/622d5fd47a1cad2170f7a574 HTTP/1.1" 200 51
15413@Siddharths-MacBook-Pro.local/6f2cc46e23ad01083e45e257-0000000000000027 => ::1 - - [14/Mar/2022:07:09:32 +0000] "method /api/v1/services/service-requests/622d5fd47a1cad2170f7a574 HTTP/1.1" 200 51
15413@Siddharths-MacBook-Pro.local/6f2cc46e23ad01083e45e257-0000000000000028 => ::1 - - [14/Mar/2022:07:09:34 +0000] "method /api/v1/services/service-requests/622d5fd47a1cad2170f7a574 HTTP/1.1" 200 51
15413@Siddharths-MacBook-Pro.local/6f2cc46e23ad01083e45e257-0000000000000029 => ::1 - - [14/Mar/2022:07:10:06 +0000] "method /api/v1/services/service-requests/622d5fd47a1cad2170f7a574 HTTP/1.1" 200 51
16068@Siddharths-MacBook-Pro.local/198b73ecfadf63e17cb804b0-0000000000000001 => ::1 - - [14/Mar/2022:07:10:28 +0000] "method /api/v1/services/service-requests/622d5fd47a1cad2170f7a574 HTTP/1.1" 200 51
16104@Siddharths-MacBook-Pro.local/6a6bac25635621afe8bac442-0000000000000001 => ::1 - - [14/Mar/2022:07:11:00 +0000] "method /api/v1/services/service-requests/622d5fd47a1cad2170f7a574 HTTP/1.1" 200 51
16155@Siddharths-MacBook-Pro.local/3c4358c178a8c5e31c396fcc-0000000000000001 => ::1 - - [14/Mar/2022:07:11:22 +0000] "method /api/v1/services/service-requests/622d5fd47a1cad2170f7a574 HTTP/1.1" 200 51
16179@Siddharths-MacBook-Pro.local/80e32a65f07eabd788eee8e2-0000000000000001 => ::1 - - [14/Mar/2022:07:11:37 +0000] "method /api/v1/services/service-requests/622d5fd47a1cad2170f7a574 HTTP/1.1" 200 51
16244@Siddharths-MacBook-Pro.local/0d45fdda716cba005cbce52f-0000000000000001 => ::1 - - [14/Mar/2022:07:12:30 +0000] "method /api/v1/services/service-requests/622d5fd47a1cad2170f7a574 HTTP/1.1" 200 51
16244@Siddharths-MacBook-Pro.local/0d45fdda716cba005cbce52f-0000000000000002 => ::1 - - [14/Mar/2022:07:12:52 +0000] "method /api/v1/services/service-requests/622d5fd47a1cad2170f7a574 HTTP/1.1" 200 287
16244@Siddharths-MacBook-Pro.local/0d45fdda716cba005cbce52f-0000000000000003 => ::1 - - [14/Mar/2022:07:13:08 +0000] "method /api/v1/services/service-requests/622d5fd47a1cad2170f7a574 HTTP/1.1" 200 287
16244@Siddharths-MacBook-Pro.local/0d45fdda716cba005cbce52f-0000000000000004 => ::1 - - [14/Mar/2022:07:14:41 +0000] "method /api/v1/common/uploads/pdf HTTP/1.1" 200 77
16244@Siddharths-MacBook-Pro.local/0d45fdda716cba005cbce52f-0000000000000005 => ::1 - - [14/Mar/2022:07:15:51 +0000] "method /api/v1/common/uploads/pdf?fp=1647242081732 HTTP/1.1" 200 735117
16244@Siddharths-MacBook-Pro.local/0d45fdda716cba005cbce52f-0000000000000006 => ::1 - - [14/Mar/2022:07:16:09 +0000] "method /api/v1/common/uploads/pdf?fp=1647242081732 HTTP/1.1" 200 735117
16244@Siddharths-MacBook-Pro.local/0d45fdda716cba005cbce52f-0000000000000007 => ::1 - - [14/Mar/2022:07:23:00 +0000] "method /api/v1/auth/register HTTP/1.1" 503 252
16755@Siddharths-MacBook-Pro.local/346a442ab4db6def748780ff-0000000000000001 => ::1 - - [14/Mar/2022:07:24:17 +0000] "method /api/v1/auth/register HTTP/1.1" 201 301
16834@Siddharths-MacBook-Pro.local/edb028492167145e7e2cc843-0000000000000001 => ::1 - - [14/Mar/2022:07:29:53 +0000] "method /api/v1/services/service-requests?page=2&perPage=1 HTTP/1.1" 200 368
16834@Siddharths-MacBook-Pro.local/edb028492167145e7e2cc843-0000000000000002 => ::1 - - [14/Mar/2022:07:30:13 +0000] "method /api/v1/services/service-requests-status HTTP/1.1" 200 76
16834@Siddharths-MacBook-Pro.local/edb028492167145e7e2cc843-0000000000000003 => ::1 - - [14/Mar/2022:07:30:35 +0000] "method /api/v1/services/service-requests/622d5fd47a1cad2170f7a574 HTTP/1.1" 200 287
16834@Siddharths-MacBook-Pro.local/edb028492167145e7e2cc843-0000000000000004 => ::1 - - [14/Mar/2022:07:30:49 +0000] "method /api/v1/common/uploads/pdf HTTP/1.1" 200 77
16834@Siddharths-MacBook-Pro.local/edb028492167145e7e2cc843-0000000000000005 => ::1 - - [14/Mar/2022:07:30:53 +0000] "method /api/v1/common/uploads/pdf?fp=1647242081732 HTTP/1.1" 200 735117
16834@Siddharths-MacBook-Pro.local/edb028492167145e7e2cc843-0000000000000006 => ::1 - - [14/Mar/2022:07:31:58 +0000] "method /api/v1/common/uploads/pdf?fp=1647242081732 HTTP/1.1" 200 735117
16834@Siddharths-MacBook-Pro.local/edb028492167145e7e2cc843-0000000000000007 => ::1 - - [14/Mar/2022:07:34:09 +0000] "method /api/v1/services/service-requests/622d5fd47a1cad2170f7a574 HTTP/1.1" 200 287
1370@Siddharths-MacBook-Pro.local/23ce6112268b74c84ef32870-0000000000000001 => ::1 - - [14/Mar/2022:10:12:18 +0000] "method /api/v1/auth/forgot-password HTTP/1.1" 200 53
1370@Siddharths-MacBook-Pro.local/23ce6112268b74c84ef32870-0000000000000002 => ::1 - - [14/Mar/2022:10:12:33 +0000] "method /api/v1/auth/forgot-password HTTP/1.1" 200 53
1370@Siddharths-MacBook-Pro.local/23ce6112268b74c84ef32870-0000000000000003 => ::1 - - [14/Mar/2022:10:12:39 +0000] "method /api/v1/auth/forgot-password HTTP/1.1" 200 60
1370@Siddharths-MacBook-Pro.local/23ce6112268b74c84ef32870-0000000000000004 => ::1 - - [14/Mar/2022:10:12:45 +0000] "method /api/v1/auth/forgot-password HTTP/1.1" 200 60
1370@Siddharths-MacBook-Pro.local/23ce6112268b74c84ef32870-0000000000000005 => ::1 - - [14/Mar/2022:10:12:46 +0000] "method /api/v1/auth/forgot-password HTTP/1.1" 200 60
1370@Siddharths-MacBook-Pro.local/23ce6112268b74c84ef32870-0000000000000006 => ::1 - - [14/Mar/2022:10:12:47 +0000] "method /api/v1/auth/forgot-password HTTP/1.1" 200 60
1412@Siddharths-MacBook-Pro.local/f43c82a55c2975d1ad81dfb3-0000000000000001 => ::1 - - [14/Mar/2022:10:13:04 +0000] "method /api/v1/auth/forgot-password HTTP/1.1" 200 60
1412@Siddharths-MacBook-Pro.local/f43c82a55c2975d1ad81dfb3-0000000000000002 => ::1 - - [14/Mar/2022:10:13:05 +0000] "method /api/v1/auth/forgot-password HTTP/1.1" 200 60
1412@Siddharths-MacBook-Pro.local/f43c82a55c2975d1ad81dfb3-0000000000000003 => ::1 - - [14/Mar/2022:10:13:07 +0000] "method /api/v1/auth/forgot-password HTTP/1.1" 200 60
1440@Siddharths-MacBook-Pro.local/e4ed46fdfc70dd8b9b996b88-0000000000000001 => ::1 - - [14/Mar/2022:10:13:35 +0000] "method /api/v1/auth/forgot-password HTTP/1.1" 200 76
1558@Siddharths-MacBook-Pro.local/e4404091c9a5199c5e445fb5-0000000000000001 => ::1 - - [14/Mar/2022:10:16:20 +0000] "method /api/v1/auth/forgot-password HTTP/1.1" 200 277
1825@Siddharths-MacBook-Pro.local/863895edad4495bb5160532f-0000000000000001 => ::1 - - [14/Mar/2022:10:21:39 +0000] "method /api/v1/auth/change-password HTTP/1.1" 200 52
1825@Siddharths-MacBook-Pro.local/863895edad4495bb5160532f-0000000000000002 => ::1 - - [14/Mar/2022:10:23:34 +0000] "method /api/v1/services/service-request HTTP/1.1" 200 51
1825@Siddharths-MacBook-Pro.local/863895edad4495bb5160532f-0000000000000003 => ::1 - - [14/Mar/2022:10:23:36 +0000] "method /api/v1/services/service-request HTTP/1.1" 200 51
1825@Siddharths-MacBook-Pro.local/863895edad4495bb5160532f-0000000000000004 => ::1 - - [14/Mar/2022:10:23:43 +0000] "method /api/v1/services/service-request HTTP/1.1" 200 51
2112@Siddharths-MacBook-Pro.local/709ddc8da5185da80a7950b5-0000000000000001 => ::1 - - [14/Mar/2022:10:27:32 +0000] "method /api/v1/common/uploads/pdf HTTP/1.1" 200 77
2519@Siddharths-MacBook-Pro.local/cde57745c447c3f47b2d3dde-0000000000000001 => ::1 - - [14/Mar/2022:10:33:32 +0000] "method /api/v1/common/uploads/pdf HTTP/1.1" 200 51
2519@Siddharths-MacBook-Pro.local/cde57745c447c3f47b2d3dde-0000000000000002 => ::1 - - [14/Mar/2022:10:34:00 +0000] "method /api/v1/common/uploads/pdf HTTP/1.1" 200 77
14002@Siddharths-MacBook-Pro.local/0b89920f45c5e2d1faf88b94-0000000000000001 => ::1 - - [15/Mar/2022:13:43:55 +0000] "method /api/v1/auth/register HTTP/1.1" 400 90
14002@Siddharths-MacBook-Pro.local/0b89920f45c5e2d1faf88b94-0000000000000002 => ::1 - - [15/Mar/2022:13:43:59 +0000] "method /api/v1/auth/register HTTP/1.1" 201 305
14002@Siddharths-MacBook-Pro.local/0b89920f45c5e2d1faf88b94-0000000000000003 => ::1 - - [15/Mar/2022:13:45:07 +0000] "method /api/v1/auth/login HTTP/1.1" 200 53
14002@Siddharths-MacBook-Pro.local/0b89920f45c5e2d1faf88b94-0000000000000004 => ::1 - - [15/Mar/2022:13:45:14 +0000] "method /api/v1/auth/login HTTP/1.1" 200 53
14158@Siddharths-MacBook-Pro.local/282b739ee2e062054075a823-0000000000000001 => ::1 - - [15/Mar/2022:13:46:44 +0000] "method /api/v1/auth/login HTTP/1.1" 200 346
14178@Siddharths-MacBook-Pro.local/eb658a4f0c282503dccfae15-0000000000000001 => ::1 - - [15/Mar/2022:13:47:03 +0000] "method /api/v1/auth/login HTTP/1.1" 200 53
14666@Siddharths-MacBook-Pro.local/32cdda12d4373c06313e0a5b-0000000000000001 => ::1 - - [15/Mar/2022:13:57:44 +0000] "method /api/v1/services/service-requests?page=1&perPage=6 HTTP/1.1" 200 1408
14860@Siddharths-MacBook-Pro.local/28efa2d3af4480cbc4d0e997-0000000000000001 => ::1 - - [15/Mar/2022:14:00:16 +0000] "method /api/v1/services/service-requests?page=1&perPage=6 HTTP/1.1" 200 1677
14931@Siddharths-MacBook-Pro.local/5f67d4cccae08e77ab4b1202-0000000000000001 => ::1 - - [15/Mar/2022:14:01:09 +0000] "method /api/v1/services/service-requests HTTP/1.1" 200 210
14931@Siddharths-MacBook-Pro.local/5f67d4cccae08e77ab4b1202-0000000000000002 => ::1 - - [15/Mar/2022:14:01:14 +0000] "method /api/v1/services/service-requests?page=1&perPage=6 HTTP/1.1" 200 1677
14931@Siddharths-MacBook-Pro.local/5f67d4cccae08e77ab4b1202-0000000000000003 => ::1 - - [15/Mar/2022:14:01:19 +0000] "method /api/v1/services/service-requests?page=1&perPage=10 HTTP/1.1" 200 1985
18688@Siddharths-MacBook-Pro.local/25d4e8cf1500865f06b2781a-0000000000000001 => ::1 - - [15/Mar/2022:15:03:22 +0000] "method /api/v1/services/service-requests HTTP/1.1" 200 51
18688@Siddharths-MacBook-Pro.local/25d4e8cf1500865f06b2781a-0000000000000002 => ::1 - - [15/Mar/2022:15:03:44 +0000] "method /api/v1/services/service-requests-notes HTTP/1.1" 200 51
18688@Siddharths-MacBook-Pro.local/25d4e8cf1500865f06b2781a-0000000000000003 => ::1 - - [15/Mar/2022:15:04:23 +0000] "method /api/v1/services/service-requests-notes HTTP/1.1" 200 74
18901@Siddharths-MacBook-Pro.local/a4ac965be5470db164576aef-0000000000000001 => ::1 - - [15/Mar/2022:15:05:05 +0000] "method /api/v1/services/service-requests-notes HTTP/1.1" 200 231
19256@Siddharths-MacBook-Pro.local/0a5f216ff2985c5aa3adb06e-0000000000000001 => ::1 - - [15/Mar/2022:15:08:46 +0000] "method /api/v1/services/service-requests-notes?srid= HTTP/1.1" 200 137
19271@Siddharths-MacBook-Pro.local/474437ce03368b9d418dce69-0000000000000001 => ::1 - - [15/Mar/2022:15:08:54 +0000] "method /api/v1/services/service-requests-notes HTTP/1.1" 200 231
19294@Siddharths-MacBook-Pro.local/b299a5d021bb46c04e8a3d4c-0000000000000001 => ::1 - - [15/Mar/2022:15:09:08 +0000] "method /api/v1/services/service-requests-notes HTTP/1.1" 200 231
19368@Siddharths-MacBook-Pro.local/65ddba6b01b8c1aa1b4b8e9e-0000000000000001 => ::1 - - [15/Mar/2022:15:09:41 +0000] "method /api/v1/services/service-requests-notes HTTP/1.1" 200 231
19368@Siddharths-MacBook-Pro.local/65ddba6b01b8c1aa1b4b8e9e-0000000000000002 => ::1 - - [15/Mar/2022:15:09:47 +0000] "method /api/v1/services/service-requests-notes?srid=123 HTTP/1.1" 200 140
19413@Siddharths-MacBook-Pro.local/f96ece07657887b830d9e91b-0000000000000001 => ::1 - - [15/Mar/2022:15:10:16 +0000] "method /api/v1/services/service-requests-notes?srid=123 HTTP/1.1" 200 140
19413@Siddharths-MacBook-Pro.local/f96ece07657887b830d9e91b-0000000000000002 => ::1 - - [15/Mar/2022:15:14:06 +0000] "method /api/v1/services/service-requests-notes?srid=123 HTTP/1.1" 200 140
19413@Siddharths-MacBook-Pro.local/f96ece07657887b830d9e91b-0000000000000003 => ::1 - - [15/Mar/2022:15:14:10 +0000] "method /api/v1/services/service-requests-notes?srid=123sdf23423 HTTP/1.1" 200 148
21189@Siddharths-MacBook-Pro.local/8a63ef67795bd25134097115-0000000000000001 => ::1 - - [15/Mar/2022:17:27:44 +0000] "method /api.v1/services/jobs HTTP/1.1" 404 159
21189@Siddharths-MacBook-Pro.local/8a63ef67795bd25134097115-0000000000000002 => ::1 - - [15/Mar/2022:17:27:47 +0000] "method /api.v1/services/jobs HTTP/1.1" 404 160
21189@Siddharths-MacBook-Pro.local/8a63ef67795bd25134097115-0000000000000003 => ::1 - - [15/Mar/2022:17:27:57 +0000] "method /api./v1/services/jobs HTTP/1.1" 404 161
21189@Siddharths-MacBook-Pro.local/8a63ef67795bd25134097115-0000000000000004 => ::1 - - [15/Mar/2022:17:28:00 +0000] "method /api/v1/services/jobs HTTP/1.1" 404 160
21363@Siddharths-MacBook-Pro.local/a7933d3513f1b0377f69fea6-0000000000000001 => ::1 - - [15/Mar/2022:17:28:42 +0000] "method /api/v1/services/jobs HTTP/1.1" 404 160
21363@Siddharths-MacBook-Pro.local/a7933d3513f1b0377f69fea6-0000000000000002 => ::1 - - [15/Mar/2022:17:28:42 +0000] "method /api/v1/services/job HTTP/1.1" 404 159
21363@Siddharths-MacBook-Pro.local/a7933d3513f1b0377f69fea6-0000000000000003 => ::1 - - [15/Mar/2022:17:28:44 +0000] "method /api/v1/services/jobs HTTP/1.1" 404 160
21477@Siddharths-MacBook-Pro.local/80da5023b29530e6a9b9b0d0-0000000000000001 => ::1 - - [15/Mar/2022:17:30:01 +0000] "method /api/v1/services/jobs HTTP/1.1" 200 234
21535@Siddharths-MacBook-Pro.local/d19762a6a3b93626111a2005-0000000000000001 => ::1 - - [15/Mar/2022:17:30:34 +0000] "method /api/v1/services/jobs HTTP/1.1" 200 251
21535@Siddharths-MacBook-Pro.local/d19762a6a3b93626111a2005-0000000000000002 => ::1 - - [15/Mar/2022:17:30:56 +0000] "method /api/v1/services/jobs HTTP/1.1" 200 250
21628@Siddharths-MacBook-Pro.local/2ea7e3bbd83d85951947bce6-0000000000000004 => ::1 - - [15/Mar/2022:17:32:33 +0000] "method /api/v1/services/jobs HTTP/1.1" 200 251
21834@Siddharths-MacBook-Pro.local/6907b88291b2651a1a8b6c9c-0000000000000001 => ::1 - - [15/Mar/2022:17:35:44 +0000] "method /api/v1/services/jobs HTTP/1.1" 200 51
21834@Siddharths-MacBook-Pro.local/6907b88291b2651a1a8b6c9c-0000000000000002 => ::1 - - [15/Mar/2022:17:36:12 +0000] "method /api/v1/services/jobs HTTP/1.1" 404 159
21834@Siddharths-MacBook-Pro.local/6907b88291b2651a1a8b6c9c-0000000000000003 => ::1 - - [15/Mar/2022:17:36:17 +0000] "method /api/v1/services/jobs HTTP/1.1" 404 159
21834@Siddharths-MacBook-Pro.local/6907b88291b2651a1a8b6c9c-0000000000000004 => ::1 - - [15/Mar/2022:17:36:32 +0000] "method /api/v1/services/jobs HTTP/1.1" 404 159
22206@Siddharths-MacBook-Pro.local/3a0669b91a766c726b369c61-0000000000000002 => ::1 - - [15/Mar/2022:17:40:40 +0000] "method /api/v1/services/jobs HTTP/1.1" 200 251
- => ::1 - - [15/Mar/2022:17:40:51 +0000] "method /api/v1/services/jobs HTTP/1.1" - -
22480@Siddharths-MacBook-Pro.local/a216c135c67199eeba04190e-0000000000000002 => ::1 - - [15/Mar/2022:17:44:25 +0000] "method /api/v1/services/jobs HTTP/1.1" 200 251
- => ::1 - - [15/Mar/2022:17:44:26 +0000] "method /api/v1/services/jobs HTTP/1.1" - -
- => ::1 - - [15/Mar/2022:17:44:28 +0000] "method /api/v1/services/jobs HTTP/1.1" - -
22598@Siddharths-MacBook-Pro.local/14a8bf623b90b247c9e6e5a0-0000000000000001 => ::1 - - [15/Mar/2022:17:45:34 +0000] "method /api/v1/services/jobs HTTP/1.1" 200 253
- => ::1 - - [15/Mar/2022:17:52:38 +0000] "method /api/v1/services/jobs HTTP/1.1" - -
23092@Siddharths-MBP/222bfca17aa07649812c58fe-0000000000000001 => ::1 - - [15/Mar/2022:17:53:36 +0000] "method /api/v1/services/jobs?perPage=1&page=1 HTTP/1.1" 200 142
23092@Siddharths-MBP/222bfca17aa07649812c58fe-0000000000000002 => ::1 - - [15/Mar/2022:17:54:25 +0000] "method /api/v1/services/jobs?perPage=1&page=1 HTTP/1.1" 200 142
23175@Siddharths-MBP/d75d7880c2c06090117f68a3-0000000000000001 => ::1 - - [15/Mar/2022:17:54:55 +0000] "method /api/v1/services/jobs?perPage=1&page=1 HTTP/1.1" 200 142
23281@Siddharths-MBP/8762a03d7ecd38b84fbca4ab-0000000000000001 => ::1 - - [15/Mar/2022:17:56:14 +0000] "method /api/v1/services/jobs?perPage=1&page=1 HTTP/1.1" 200 142
23373@Siddharths-MBP/4c6b0796cc7c51c8c68a1fd6-0000000000000001 => ::1 - - [15/Mar/2022:17:57:05 +0000] "method /api/v1/services/jobs HTTP/1.1" 200 251
23373@Siddharths-MBP/4c6b0796cc7c51c8c68a1fd6-0000000000000002 => ::1 - - [15/Mar/2022:17:57:08 +0000] "method /api/v1/services/jobs?perPage=1&page=1 HTTP/1.1" 200 142
23399@Siddharths-MBP/84a497c5094768e89e5f40e5-0000000000000001 => ::1 - - [15/Mar/2022:17:57:31 +0000] "method /api/v1/services/jobs?perPage=1&page=1 HTTP/1.1" 200 315
23399@Siddharths-MBP/84a497c5094768e89e5f40e5-0000000000000002 => ::1 - - [15/Mar/2022:17:58:06 +0000] "method /api/v1/services/jobs HTTP/1.1" 200 541
- => ::1 - - [15/Mar/2022:18:04:15 +0000] "method /api/v1/services/service-requests-notes?srid= HTTP/1.1" - -
23630@Siddharths-MBP/2e3003a62ed763d25f90240f-0000000000000002 => ::1 - - [15/Mar/2022:18:04:15 +0000] "method /api/v1/services/service-requests-notes?srid= HTTP/1.1" 200 211
23630@Siddharths-MBP/2e3003a62ed763d25f90240f-0000000000000003 => ::1 - - [15/Mar/2022:18:04:17 +0000] "method /api/v1/services/service-requests-notes?srid= HTTP/1.1" 200 211
23630@Siddharths-MBP/2e3003a62ed763d25f90240f-0000000000000004 => ::1 - - [15/Mar/2022:18:04:43 +0000] "method /api/v1/services/service-requests-notes?srid= HTTP/1.1" 200 211
23945@Siddharths-MBP/5fa2e2300c74d57d9021f5d7-0000000000000001 => ::1 - - [15/Mar/2022:18:07:47 +0000] "method /api/v1/services/service-requests HTTP/1.1" 200 986
24000@Siddharths-MBP/13f42a34aef0215b53dd2ec2-0000000000000001 => ::1 - - [15/Mar/2022:18:08:24 +0000] "method /api/v1/services/service-requests HTTP/1.1" 200 318
24000@Siddharths-MBP/13f42a34aef0215b53dd2ec2-0000000000000002 => ::1 - - [15/Mar/2022:18:08:47 +0000] "method /api/v1/services/service-requests-notes?srid=6230d617ccdb1bcecef0812d HTTP/1.1" 200 128
24000@Siddharths-MBP/13f42a34aef0215b53dd2ec2-0000000000000003 => ::1 - - [15/Mar/2022:18:09:13 +0000] "method /api/v1/services/service-requests-notes?srid=6230d617ccdb1bcecef0812d HTTP/1.1" 200 275
24743@Siddharths-MBP/30644f14a1f6f165abda5943-0000000000000001 => ::1 - - [15/Mar/2022:18:23:37 +0000] "method /api/v1/services/service-requests-notes?nrid=6230d617ccdb1bcecef0812d HTTP/1.1" 200 51
24743@Siddharths-MBP/30644f14a1f6f165abda5943-0000000000000002 => ::1 - - [15/Mar/2022:18:23:38 +0000] "method /api/v1/services/service-requests-notes?nrid=6230d649ccdb1bcecef08132 HTTP/1.1" 200 51
24743@Siddharths-MBP/30644f14a1f6f165abda5943-0000000000000003 => ::1 - - [15/Mar/2022:18:24:03 +0000] "method /api/v1/services/service-requests-notes?nrid=6230d649ccdb1bcecef08132 HTTP/1.1" 200 51
24743@Siddharths-MBP/30644f14a1f6f165abda5943-0000000000000004 => ::1 - - [15/Mar/2022:18:24:05 +0000] "method /api/v1/services/service-requests-notes?nrid=6230d649ccdb1bcecef08132 HTTP/1.1" 200 51
24743@Siddharths-MBP/30644f14a1f6f165abda5943-0000000000000005 => ::1 - - [15/Mar/2022:18:24:05 +0000] "method /api/v1/services/service-requests-notes?nrid=6230d649ccdb1bcecef08132 HTTP/1.1" 200 51
24743@Siddharths-MBP/30644f14a1f6f165abda5943-0000000000000006 => ::1 - - [15/Mar/2022:18:24:05 +0000] "method /api/v1/services/service-requests-notes?nrid=6230d649ccdb1bcecef08132 HTTP/1.1" 200 51
24743@Siddharths-MBP/30644f14a1f6f165abda5943-0000000000000007 => ::1 - - [15/Mar/2022:18:24:06 +0000] "method /api/v1/services/service-requests-notes?nrid=6230d649ccdb1bcecef08132 HTTP/1.1" 200 51
24743@Siddharths-MBP/30644f14a1f6f165abda5943-0000000000000008 => ::1 - - [15/Mar/2022:18:24:06 +0000] "method /api/v1/services/service-requests-notes?nrid=6230d649ccdb1bcecef08132 HTTP/1.1" 200 51
24743@Siddharths-MBP/30644f14a1f6f165abda5943-0000000000000009 => ::1 - - [15/Mar/2022:18:24:07 +0000] "method /api/v1/services/service-requests-notes?nrid=6230d649ccdb1bcecef08132 HTTP/1.1" 200 51
- => ::1 - - [15/Mar/2022:18:26:02 +0000] "method /api/v1/services/service-requests-notes?nrid=6230d649ccdb1bcecef08132 HTTP/1.1" - -
24838@Siddharths-MBP/b24ece51fa02ad804363fd30-0000000000000002 => ::1 - - [15/Mar/2022:18:26:03 +0000] "method /api/v1/services/service-requests-notes?nrid=6230d649ccdb1bcecef08132 HTTP/1.1" 200 128
24838@Siddharths-MBP/b24ece51fa02ad804363fd30-0000000000000003 => ::1 - - [15/Mar/2022:18:26:04 +0000] "method /api/v1/services/service-requests-notes?nrid=6230d649ccdb1bcecef08132 HTTP/1.1" 200 128
25044@Siddharths-MBP/3e0c7e0109b82698098532d6-0000000000000001 => ::1 - - [15/Mar/2022:18:27:57 +0000] "method /api/v1/services/service-requests-notes?nrid=6230d649ccdb1bcecef08132 HTTP/1.1" 200 128
