25163@Siddharths-MBP/bb0eae8098d9fde405ea3056-0000000000000002 => ::1 - - [15/Mar/2022:18:30:07 +0000] "method /api/v1/services/service-requests-notes-update?nrid=6230d649ccdb1bcecef08132 HTTP/1.1" 200 88
25222@Siddharths-MBP/047bf91b29edd2e9ab8fb7f3-0000000000000001 => ::1 - - [15/Mar/2022:18:30:35 +0000] "method /api/v1/services/service-requests-notes-update?nrid=6230d649ccdb1bcecef08132 HTTP/1.1" 200 88
25222@Siddharths-MBP/047bf91b29edd2e9ab8fb7f3-0000000000000002 => ::1 - - [15/Mar/2022:18:30:45 +0000] "method /api/v1/services/service-requests-notes-update?nrid=6230d649ccdb1bcecef08132 HTTP/1.1" 200 88
25284@Siddharths-MBP/498a61fca06fd53216cbc0cc-0000000000000001 => ::1 - - [15/Mar/2022:18:31:21 +0000] "method /api/v1/services/service-requests-notes-update?nrid=6230d649ccdb1bcecef08132 HTTP/1.1" 200 88
25284@Siddharths-MBP/498a61fca06fd53216cbc0cc-0000000000000002 => ::1 - - [15/Mar/2022:18:31:23 +0000] "method /api/v1/services/service-requests-notes-update?nrid=6230d649ccdb1bcecef08132 HTTP/1.1" 200 88
25312@Siddharths-MBP/9f6c399a00756620cd94c5e4-0000000000000001 => ::1 - - [15/Mar/2022:18:31:41 +0000] "method /api/v1/services/service-requests-notes-update?nrid=6230d649ccdb1bcecef08132 HTTP/1.1" 200 88
25358@Siddharths-MBP/7232e10766450e9ce8d0faf8-0000000000000001 => ::1 - - [15/Mar/2022:18:32:14 +0000] "method /api/v1/services/service-requests-notes-update?nrid=6230d649ccdb1bcecef08132 HTTP/1.1" 200 61
25381@Siddharths-MBP/d223278f3171859a7a5e7aa5-0000000000000001 => ::1 - - [15/Mar/2022:18:32:21 +0000] "method /api/v1/services/service-requests-notes-update?nrid=6230d649ccdb1bcecef08132 HTTP/1.1" 200 309
25436@Siddharths-MBP/9c9b0a48eecf7345fe468008-0000000000000001 => ::1 - - [15/Mar/2022:18:33:04 +0000] "method /api/v1/services/service-requests-notes-update?nrid=6230d649ccdb1bcecef08132 HTTP/1.1" 200 309
25486@Siddharths-MBP/b9aec9da95667acbbade0d52-0000000000000001 => ::1 - - [15/Mar/2022:18:33:34 +0000] "method /api/v1/services/service-requests-notes-update?nrid=6230d649ccdb1bcecef08132 HTTP/1.1" 200 279
25486@Siddharths-MBP/b9aec9da95667acbbade0d52-0000000000000002 => ::1 - - [15/Mar/2022:18:33:35 +0000] "method /api/v1/services/service-requests-notes-update?nrid=6230d649ccdb1bcecef08132 HTTP/1.1" 200 284
25486@Siddharths-MBP/b9aec9da95667acbbade0d52-0000000000000003 => ::1 - - [15/Mar/2022:18:33:40 +0000] "method /api/v1/services/service-requests-notes-update?nrid=6230d649ccdb1bcecef08132 HTTP/1.1" 200 292
25486@Siddharths-MBP/b9aec9da95667acbbade0d52-0000000000000004 => ::1 - - [15/Mar/2022:18:33:43 +0000] "method /api/v1/services/service-requests-notes-update?nrid=6230d649ccdb1bcecef08132 HTTP/1.1" 200 306
25486@Siddharths-MBP/b9aec9da95667acbbade0d52-0000000000000005 => ::1 - - [15/Mar/2022:18:33:46 +0000] "method /api/v1/services/service-requests-notes-update?nrid=6230d649ccdb1bcecef08132 HTTP/1.1" 200 329
25486@Siddharths-MBP/b9aec9da95667acbbade0d52-0000000000000006 => ::1 - - [15/Mar/2022:18:34:30 +0000] "method /api/v1/services/service-requests-notes-update?nrid=6230d649ccdb1bcecef08132 HTTP/1.1" 200 361
25486@Siddharths-MBP/b9aec9da95667acbbade0d52-0000000000000007 => ::1 - - [15/Mar/2022:18:34:34 +0000] "method /api/v1/services/service-requests-notes-update?nrid=6230d649ccdb1bcecef08132 HTTP/1.1" 200 402
25642@Siddharths-MBP/63caa04dffaf7bfccd57a17b-0000000000000001 => ::1 - - [15/Mar/2022:18:36:43 +0000] "method /api/v1/services/service-requests-notes-update?nrid=6230d649ccdb1bcecef08132 HTTP/1.1" 200 443
25853@Siddharths-MacBook-Pro.local/f23a38bbda2998ce9f5e6a32-0000000000000001 => ::1 - - [15/Mar/2022:18:40:03 +0000] "method /api/v1/services/service-requests-notes-update-attachments?nrid=6230d649ccdb1bcecef08132 HTTP/1.1" 200 51
25853@Siddharths-MacBook-Pro.local/f23a38bbda2998ce9f5e6a32-0000000000000002 => ::1 - - [15/Mar/2022:18:40:19 +0000] "method /api/v1/services/service-requests-notes-update-attachments?nrid=6230d649ccdb1bcecef08132 HTTP/1.1" 404 197
25853@Siddharths-MacBook-Pro.local/f23a38bbda2998ce9f5e6a32-0000000000000003 => ::1 - - [15/Mar/2022:18:40:20 +0000] "method /api/v1/services/service-requests-notes-update-attachments?nrid=6230d649ccdb1bcecef08132 HTTP/1.1" 404 197
25853@Siddharths-MacBook-Pro.local/f23a38bbda2998ce9f5e6a32-0000000000000004 => ::1 - - [15/Mar/2022:18:40:24 +0000] "method /api/v1/services/service-requests-notes-update-attachments?nrid=6230d649ccdb1bcecef08132 HTTP/1.1" 200 62
25853@Siddharths-MacBook-Pro.local/f23a38bbda2998ce9f5e6a32-0000000000000005 => ::1 - - [15/Mar/2022:18:40:31 +0000] "method /api/v1/services/service-requests-notes-update-attachments?nrid=6230d649ccdb1bcecef08132 HTTP/1.1" 200 62
25853@Siddharths-MacBook-Pro.local/f23a38bbda2998ce9f5e6a32-0000000000000007 => ::1 - - [15/Mar/2022:18:41:45 +0000] "method /api/v1/services/service-requests-notes-update-attachments?nrid=6230d649ccdb1bcecef08132 HTTP/1.1" 200 62
25963@Siddharths-MacBook-Pro.local/92a0acc4093c96060755260c-0000000000000001 => ::1 - - [15/Mar/2022:18:42:05 +0000] "method /api/v1/services/service-requests-notes-update-attachments?nrid=6230d649ccdb1bcecef08132 HTTP/1.1" 200 443
26078@Siddharths-MacBook-Pro.local/2f16ca16bd8b8421ddf855f7-0000000000000001 => ::1 - - [15/Mar/2022:18:44:12 +0000] "method /api/v1/services/service-requests-notes-update-attachments?nrid=6230d649ccdb1bcecef08132 HTTP/1.1" 200 443
26113@Siddharths-MacBook-Pro.local/34b86aaf4acc418206d3f848-0000000000000001 => ::1 - - [15/Mar/2022:18:44:52 +0000] "method /api/v1/services/service-requests-notes-update-attachments?nrid=6230d649ccdb1bcecef08132 HTTP/1.1" 200 450
26113@Siddharths-MacBook-Pro.local/34b86aaf4acc418206d3f848-0000000000000002 => ::1 - - [15/Mar/2022:18:44:56 +0000] "method /api/v1/services/service-requests-notes-update-attachments?nrid=6230d649ccdb1bcecef08132 HTTP/1.1" 200 458
26152@Siddharths-MacBook-Pro.local/47af6338c4bb4417205b4b16-0000000000000001 => ::1 - - [15/Mar/2022:18:45:10 +0000] "method /api/v1/services/service-requests-notes-update-attachments?nrid=6230d649ccdb1bcecef08132 HTTP/1.1" 200 467
26180@Siddharths-MacBook-Pro.local/ed0fd270a4e76f1f26c833a0-0000000000000001 => ::1 - - [15/Mar/2022:18:45:40 +0000] "method /api/v1/services/service-requests-notes-update-attachments?nrid=6230d649ccdb1bcecef08132 HTTP/1.1" 200 475
26205@Siddharths-MacBook-Pro.local/9f34e8037084f604098f4d43-0000000000000001 => ::1 - - [15/Mar/2022:18:45:58 +0000] "method /api/v1/services/service-requests-notes-update-attachments?nrid=6230d649ccdb1bcecef08132 HTTP/1.1" 200 483
26245@Siddharths-MacBook-Pro.local/b4a052afcf8f0d8591a03903-0000000000000001 => ::1 - - [15/Mar/2022:18:46:07 +0000] "method /api/v1/services/service-requests-notes-update-attachments?nrid=6230d649ccdb1bcecef08132 HTTP/1.1" 200 491
26271@Siddharths-MacBook-Pro.local/ef0aa6f9cdf1c3492a4d4a93-0000000000000001 => ::1 - - [15/Mar/2022:18:46:29 +0000] "method /api/v1/services/service-requests-notes-update-attachments?nrid=6230d649ccdb1bcecef08132 HTTP/1.1" 200 504
26271@Siddharths-MacBook-Pro.local/ef0aa6f9cdf1c3492a4d4a93-0000000000000002 => ::1 - - [15/Mar/2022:18:46:39 +0000] "method /api/v1/services/service-requests-notes-update-attachments?nrid=6230d649ccdb1bcecef08132 HTTP/1.1" 200 535
26299@Siddharths-MacBook-Pro.local/6abadfd7b301f55dd57851b4-0000000000000001 => ::1 - - [15/Mar/2022:18:47:41 +0000] "method /api/v1/services/jobs HTTP/1.1" 200 541
26299@Siddharths-MacBook-Pro.local/6abadfd7b301f55dd57851b4-0000000000000002 => ::1 - - [15/Mar/2022:18:48:32 +0000] "method /api/v1/services/service-requests-notes?srid=6230d617ccdb1bcecef0812d HTTP/1.1" 200 51
26424@Siddharths-MacBook-Pro.local/291b44e65f105f6cb72bde66-0000000000000001 => ::1 - - [15/Mar/2022:18:49:19 +0000] "method /api/v1/services/service-requests-notes?srid=6230d617ccdb1bcecef0812d HTTP/1.1" 200 51
26513@Siddharths-MacBook-Pro.local/4c740077457ab17d0b3eb08b-0000000000000001 => ::1 - - [15/Mar/2022:18:50:31 +0000] "method /api/v1/services/service-requests-notes?srid=6230d617ccdb1bcecef0812d HTTP/1.1" 200 89
26591@Siddharths-MacBook-Pro.local/b377be8f270488e4501b37a5-0000000000000001 => ::1 - - [15/Mar/2022:18:51:16 +0000] "method /api/v1/services/service-requests-notes?srid=6230d617ccdb1bcecef0812d HTTP/1.1" 200 318
26828@Siddharths-MacBook-Pro.local/5a68f98eb9305169921d3f99-0000000000000001 => ::1 - - [15/Mar/2022:18:54:35 +0000] "method /api/v1/services/service-requests HTTP/1.1" 200 358
26828@Siddharths-MacBook-Pro.local/5a68f98eb9305169921d3f99-0000000000000002 => ::1 - - [15/Mar/2022:18:55:06 +0000] "method /api/v1/services/service-requests-notes?srid=6230d617ccdb1bcecef0812d HTTP/1.1" 200 360
26828@Siddharths-MacBook-Pro.local/5a68f98eb9305169921d3f99-0000000000000003 => ::1 - - [15/Mar/2022:18:55:23 +0000] "method /api/v1/services/service-requests-notes?srid=6230d617ccdb1bcecef0812d HTTP/1.1" 200 360
26907@Siddharths-MacBook-Pro.local/bb3aefa3bbbc90ff3e18c30b-0000000000000001 => ::1 - - [15/Mar/2022:18:55:58 +0000] "method /api/v1/services/service-requests-notes?srid=6230d617ccdb1bcecef0812d HTTP/1.1" 200 360
26964@Siddharths-MacBook-Pro.local/2c948adaddf2936e14860cb0-0000000000000001 => ::1 - - [15/Mar/2022:18:56:27 +0000] "method /api/v1/services/service-requests-notes?srid=6230d617ccdb1bcecef0812d HTTP/1.1" 200 155
26986@Siddharths-MacBook-Pro.local/8174089f25482b164cd03692-0000000000000001 => ::1 - - [15/Mar/2022:18:56:32 +0000] "method /api/v1/services/service-requests-notes?srid=6230d617ccdb1bcecef0812d HTTP/1.1" 200 360
26986@Siddharths-MacBook-Pro.local/8174089f25482b164cd03692-0000000000000002 => ::1 - - [15/Mar/2022:18:57:16 +0000] "method /api/v1/services/service-requests-notes?srid=6230d617ccdb1bcecef0812d HTTP/1.1" 200 360
26986@Siddharths-MacBook-Pro.local/8174089f25482b164cd03692-0000000000000003 => ::1 - - [15/Mar/2022:18:57:40 +0000] "method /api/v1/services/service-requests-notes?srid=6230d617ccdb1bcecef0812d HTTP/1.1" 200 360
26986@Siddharths-MacBook-Pro.local/8174089f25482b164cd03692-0000000000000004 => ::1 - - [15/Mar/2022:18:57:44 +0000] "method /api/v1/services/service-requests-notes?srid=6230d617ccdb1bcecef0812d HTTP/1.1" 200 360
26986@Siddharths-MacBook-Pro.local/8174089f25482b164cd03692-0000000000000005 => ::1 - - [15/Mar/2022:18:58:06 +0000] "method /api/v1/services/service-requests-notes-update?nrid=6230d649ccdb1bcecef08132 HTTP/1.1" 200 81
27104@Siddharths-MacBook-Pro.local/dfa7233b940069082e4f53e8-0000000000000001 => ::1 - - [15/Mar/2022:18:58:57 +0000] "method /api/v1/services/service-requests-notes-update?nrid=6230d649ccdb1bcecef08132 HTTP/1.1" 200 576
27104@Siddharths-MacBook-Pro.local/dfa7233b940069082e4f53e8-0000000000000002 => ::1 - - [15/Mar/2022:18:58:59 +0000] "method /api/v1/services/service-requests-notes-update?nrid=6230d649ccdb1bcecef08132 HTTP/1.1" 200 617
27104@Siddharths-MacBook-Pro.local/dfa7233b940069082e4f53e8-0000000000000003 => ::1 - - [15/Mar/2022:18:59:01 +0000] "method /api/v1/services/service-requests-notes-update-attachments?nrid=6230d649ccdb1bcecef08132 HTTP/1.1" 200 648
27104@Siddharths-MacBook-Pro.local/dfa7233b940069082e4f53e8-0000000000000004 => ::1 - - [15/Mar/2022:18:59:03 +0000] "method /api/v1/services/service-requests-notes?srid=6230d617ccdb1bcecef0812d HTTP/1.1" 200 89
27154@Siddharths-MacBook-Pro.local/810d3092849a604b5911fb9c-0000000000000001 => ::1 - - [15/Mar/2022:18:59:38 +0000] "method /api/v1/services/service-requests-notes?srid=6230d617ccdb1bcecef0812d HTTP/1.1" 200 360
27154@Siddharths-MacBook-Pro.local/810d3092849a604b5911fb9c-0000000000000002 => ::1 - - [15/Mar/2022:18:59:42 +0000] "method /api/v1/services/service-requests-notes?srid=6230d617ccdb1bcecef0812d HTTP/1.1" 200 360
27154@Siddharths-MacBook-Pro.local/810d3092849a604b5911fb9c-0000000000000003 => ::1 - - [15/Mar/2022:18:59:51 +0000] "method /api/v1/services/service-requests-notes?srid=6230d617ccdb1bcecef0812d HTTP/1.1" 200 275
27154@Siddharths-MacBook-Pro.local/810d3092849a604b5911fb9c-0000000000000004 => ::1 - - [15/Mar/2022:18:59:54 +0000] "method /api/v1/services/service-requests-notes?srid=6230d617ccdb1bcecef0812d HTTP/1.1" 200 360
27154@Siddharths-MacBook-Pro.local/810d3092849a604b5911fb9c-0000000000000005 => ::1 - - [15/Mar/2022:19:00:23 +0000] "method /api/v1/services/service-requests-notes?srid=6230d617ccdb1bcecef0812dsrid=6230d617ccdb1bcecef0812d HTTP/1.1" 200 360
27154@Siddharths-MacBook-Pro.local/810d3092849a604b5911fb9c-0000000000000006 => ::1 - - [15/Mar/2022:19:00:33 +0000] "method /api/v1/services/service-requests-notes?srid=6230d617ccdb1bcecef0812d HTTP/1.1" 200 360
27154@Siddharths-MacBook-Pro.local/810d3092849a604b5911fb9c-0000000000000007 => ::1 - - [15/Mar/2022:19:01:19 +0000] "method /api/v1/services/service-requests-notes?srid=6230d617ccdb1bcecef0812d HTTP/1.1" 200 286
27154@Siddharths-MacBook-Pro.local/810d3092849a604b5911fb9c-0000000000000008 => ::1 - - [15/Mar/2022:19:01:22 +0000] "method /api/v1/services/service-requests-notes?srid=6230d617ccdb1bcecef0812d HTTP/1.1" 200 360
27351@Siddharths-MacBook-Pro.local/ff223e5341bcc03473b0aab3-0000000000000001 => ::1 - - [15/Mar/2022:19:03:25 +0000] "method /api/v1/services/service-requests-notes?srid=6230d617ccdb1bcecef0812d HTTP/1.1" 200 360
27351@Siddharths-MacBook-Pro.local/ff223e5341bcc03473b0aab3-0000000000000002 => ::1 - - [15/Mar/2022:19:03:32 +0000] "method /api/v1/services/service-requests-notes?srid=6230d617ccdb1bcecef0812d HTTP/1.1" 200 74
27383@Siddharths-MacBook-Pro.local/215bda94ec65867ccf389f82-0000000000000001 => ::1 - - [15/Mar/2022:19:03:46 +0000] "method /api/v1/services/service-requests-notes?srid=6230d617ccdb1bcecef0812d HTTP/1.1" 200 102
27418@Siddharths-MacBook-Pro.local/c595526368476e9d388f8258-0000000000000001 => ::1 - - [15/Mar/2022:19:04:07 +0000] "method /api/v1/services/service-requests-notes?srid=6230d617ccdb1bcecef0812d HTTP/1.1" 200 102
27456@Siddharths-MacBook-Pro.local/491e528a080784ff9f49fbd6-0000000000000001 => ::1 - - [15/Mar/2022:19:04:45 +0000] "method /api/v1/services/service-requests-notes?srid=6230d617ccdb1bcecef0812d HTTP/1.1" 200 102
27535@Siddharths-MacBook-Pro.local/aafb36d44b383a6c28916933-0000000000000001 => ::1 - - [15/Mar/2022:19:05:51 +0000] "method /api/v1/services/service-requests-notes?srid=6230d617ccdb1bcecef0812d HTTP/1.1" 200 360
27718@Siddharths-MacBook-Pro.local/8769ee392e51f01e72578d88-0000000000000001 => ::1 - - [15/Mar/2022:19:07:53 +0000] "method /api/v1/services/service-requests HTTP/1.1" 200 358
27718@Siddharths-MacBook-Pro.local/8769ee392e51f01e72578d88-0000000000000002 => ::1 - - [15/Mar/2022:19:08:11 +0000] "method /api/v1/services/service-requests-notes?srid=6230d617ccdb1bcecef0812d HTTP/1.1" 200 76
27766@Siddharths-MacBook-Pro.local/a21c7088a7ee27925baadf0e-0000000000000001 => ::1 - - [15/Mar/2022:19:08:26 +0000] "method /api/v1/services/service-requests-notes?srid=6230d617ccdb1bcecef0812d HTTP/1.1" 200 86
27792@Siddharths-MacBook-Pro.local/5a2bd3ace5f2e1615a49e226-0000000000000001 => ::1 - - [15/Mar/2022:19:08:44 +0000] "method /api/v1/services/service-requests-notes?srid=6230d617ccdb1bcecef0812d HTTP/1.1" 200 104
27811@Siddharths-MacBook-Pro.local/29267c47a987b7570c3eadb7-0000000000000001 => ::1 - - [15/Mar/2022:19:08:55 +0000] "method /api/v1/services/service-requests-notes?srid=6230d617ccdb1bcecef0812d HTTP/1.1" 200 286
27811@Siddharths-MacBook-Pro.local/29267c47a987b7570c3eadb7-0000000000000002 => ::1 - - [15/Mar/2022:19:09:05 +0000] "method /api/v1/services/service-requests-notes?srid=6230d617ccdb1bcecef0812d HTTP/1.1" 200 76
27851@Siddharths-MacBook-Pro.local/ad567497d345da49b8d2af55-0000000000000001 => ::1 - - [15/Mar/2022:19:09:31 +0000] "method /api/v1/services/service-requests-notes?srid=6230d617ccdb1bcecef0812d HTTP/1.1" 200 76
27851@Siddharths-MacBook-Pro.local/ad567497d345da49b8d2af55-0000000000000002 => ::1 - - [15/Mar/2022:19:09:33 +0000] "method /api/v1/services/service-requests-notes?srid=6230d617ccdb1bcecef0812d HTTP/1.1" 200 76
27923@Siddharths-MacBook-Pro.local/8301979bce35e2124739cfce-0000000000000001 => ::1 - - [15/Mar/2022:19:10:25 +0000] "method /api/v1/services/service-requests-notes?srid=6230d617ccdb1bcecef0812d HTTP/1.1" 200 76
28012@Siddharths-MacBook-Pro.local/652c514862d4b743f2a6fbdf-0000000000000001 => ::1 - - [15/Mar/2022:19:11:20 +0000] "method /api/v1/services/service-requests-notes?srid=6230d617ccdb1bcecef0812d HTTP/1.1" 200 76
28054@Siddharths-MacBook-Pro.local/db6d9b481827c07d0065c4b4-0000000000000001 => ::1 - - [15/Mar/2022:19:12:01 +0000] "method /api/v1/services/service-requests-notes?srid=6230d617ccdb1bcecef0812d HTTP/1.1" 200 76
28054@Siddharths-MacBook-Pro.local/db6d9b481827c07d0065c4b4-0000000000000002 => ::1 - - [15/Mar/2022:19:12:21 +0000] "method /api/v1/services/service-requests-notes?srid=6230d617ccdb1bcecef0812d HTTP/1.1" 200 76
28054@Siddharths-MacBook-Pro.local/db6d9b481827c07d0065c4b4-0000000000000003 => ::1 - - [15/Mar/2022:19:12:48 +0000] "method /api/v1/services/service-requests-notes?srid=6230d617ccdb1bcecef0812d HTTP/1.1" 200 76
28054@Siddharths-MacBook-Pro.local/db6d9b481827c07d0065c4b4-0000000000000004 => ::1 - - [15/Mar/2022:19:13:32 +0000] "method /api/v1/services/service-requests HTTP/1.1" 200 358
28054@Siddharths-MacBook-Pro.local/db6d9b481827c07d0065c4b4-0000000000000005 => ::1 - - [15/Mar/2022:19:13:51 +0000] "method /api/v1/services/service-requests-notes?6230e55cf46f65c36d676fc5 HTTP/1.1" 200 98
28054@Siddharths-MacBook-Pro.local/db6d9b481827c07d0065c4b4-0000000000000006 => ::1 - - [15/Mar/2022:19:14:46 +0000] "method /api/v1/services/service-requests-notes?6230e55cf46f65c36d676fc5 HTTP/1.1" 200 98
28054@Siddharths-MacBook-Pro.local/db6d9b481827c07d0065c4b4-0000000000000007 => ::1 - - [15/Mar/2022:19:14:51 +0000] "method /api/v1/services/service-requests-notes?6230e55cf46f65c36d676fc5 HTTP/1.1" 200 98
28054@Siddharths-MacBook-Pro.local/db6d9b481827c07d0065c4b4-0000000000000008 => ::1 - - [15/Mar/2022:19:15:07 +0000] "method /api/v1/services/service-requests-notes?srid=6230e55cf46f65c36d676fc5 HTTP/1.1" 200 76
28054@Siddharths-MacBook-Pro.local/db6d9b481827c07d0065c4b4-0000000000000009 => ::1 - - [15/Mar/2022:19:15:27 +0000] "method /api/v1/services/service-requests HTTP/1.1" 200 358
28297@Siddharths-MacBook-Pro.local/eedd84743208bd8381405f5c-0000000000000001 => ::1 - - [15/Mar/2022:19:16:19 +0000] "method /api/v1/services/service-requests HTTP/1.1" 200 358
28297@Siddharths-MacBook-Pro.local/eedd84743208bd8381405f5c-0000000000000002 => ::1 - - [15/Mar/2022:19:16:32 +0000] "method /api/v1/services/service-requests-notes?srid=6230e55cf46f65c36d676fc5 HTTP/1.1" 200 76
28297@Siddharths-MacBook-Pro.local/eedd84743208bd8381405f5c-0000000000000003 => ::1 - - [15/Mar/2022:19:16:36 +0000] "method /api/v1/services/service-requests HTTP/1.1" 200 358
28297@Siddharths-MacBook-Pro.local/eedd84743208bd8381405f5c-0000000000000004 => ::1 - - [15/Mar/2022:19:16:50 +0000] "method /api/v1/services/service-requests-notes?srid=6230e613f3a7d8d84819f45c HTTP/1.1" 200 76
28445@Siddharths-MacBook-Pro.local/24b35cfc0751a617a20283e1-0000000000000001 => ::1 - - [15/Mar/2022:19:18:49 +0000] "method /api/v1/services/service-requests-notes?srid=6230e613f3a7d8d84819f45c HTTP/1.1" 200 286
28469@Siddharths-MacBook-Pro.local/205e7ff422c1993fcd9d708f-0000000000000001 => ::1 - - [15/Mar/2022:19:19:03 +0000] "method /api/v1/services/service-requests-notes?srid=6230e613f3a7d8d84819f45c HTTP/1.1" 200 286
28469@Siddharths-MacBook-Pro.local/205e7ff422c1993fcd9d708f-0000000000000002 => ::1 - - [15/Mar/2022:19:19:11 +0000] "method /api/v1/services/service-requests-notes?srid=6230e613f3a7d8d84819f45c HTTP/1.1" 200 286
28614@Siddharths-MacBook-Pro.local/7755cbe15b70a85a2f0e6c26-0000000000000001 => ::1 - - [15/Mar/2022:19:21:07 +0000] "method /api/v1/services/service-requests-notes?srid=6230e613f3a7d8d84819f45c HTTP/1.1" 200 83
28659@Siddharths-MacBook-Pro.local/313e8ebdaf4323f7cc56ae48-0000000000000001 => ::1 - - [15/Mar/2022:19:21:39 +0000] "method /api/v1/services/service-requests-notes?srid=6230e613f3a7d8d84819f45c HTTP/1.1" 200 74
28679@Siddharths-MacBook-Pro.local/668a257aa977148d9f09fa20-0000000000000001 => ::1 - - [15/Mar/2022:19:21:49 +0000] "method /api/v1/services/service-requests-notes?srid=6230e613f3a7d8d84819f45c HTTP/1.1" 200 76
28910@Siddharths-MacBook-Pro.local/3dbc32d68419b05163753d06-0000000000000001 => ::1 - - [15/Mar/2022:19:24:05 +0000] "method /api/v1/services/service-requests-notes?srid=6230e613f3a7d8d84819f45c HTTP/1.1" 200 81
28925@Siddharths-MacBook-Pro.local/6b47949f1d9d959d5e2a81d5-0000000000000001 => ::1 - - [15/Mar/2022:19:24:15 +0000] "method /api/v1/services/service-requests-notes?srid=6230e613f3a7d8d84819f45c HTTP/1.1" 200 81
- => ::1 - - [15/Mar/2022:19:24:34 +0000] "method /api/v1/services/service-requests-notes?srid=6230e613f3a7d8d84819f45c HTTP/1.1" - -
- => ::1 - - [15/Mar/2022:19:24:35 +0000] "method /api/v1/services/service-requests-notes?srid=6230e613f3a7d8d84819f45c HTTP/1.1" - -
29004@Siddharths-MacBook-Pro.local/955b7444af30cdaaeac1a83e-0000000000000001 => ::1 - - [15/Mar/2022:19:24:50 +0000] "method /api/v1/services/service-requests-notes?srid=6230e613f3a7d8d84819f45c HTTP/1.1" 200 286
29023@Siddharths-MacBook-Pro.local/28ea84a55fdd22aa44bff203-0000000000000001 => ::1 - - [15/Mar/2022:19:24:57 +0000] "method /api/v1/services/service-requests-notes?srid=6230e613f3a7d8d84819f45c HTTP/1.1" 200 286
29115@Siddharths-MacBook-Pro.local/efd8a3f39a289444b480177b-0000000000000001 => ::1 - - [15/Mar/2022:19:25:46 +0000] "method /api/v1/services/service-requests-notes?srid=6230e613f3a7d8d84819f45c HTTP/1.1" 200 286
29115@Siddharths-MacBook-Pro.local/efd8a3f39a289444b480177b-0000000000000002 => ::1 - - [15/Mar/2022:19:25:56 +0000] "method /api/v1/services/service-requests-notes?srid=6230e613f3a7d8d84819f45c HTTP/1.1" 200 286
29115@Siddharths-MacBook-Pro.local/efd8a3f39a289444b480177b-0000000000000003 => ::1 - - [15/Mar/2022:19:26:07 +0000] "method /api/v1/services/service-requests-notes?srid=6230d617ccdb1bcecef0812d HTTP/1.1" 200 2306
29115@Siddharths-MacBook-Pro.local/efd8a3f39a289444b480177b-0000000000000004 => ::1 - - [15/Mar/2022:19:26:14 +0000] "method /api/v1/services/service-requests-notes?srid=6230e613f3a7d8d84819f45c HTTP/1.1" 200 286
29115@Siddharths-MacBook-Pro.local/efd8a3f39a289444b480177b-0000000000000005 => ::1 - - [15/Mar/2022:19:26:15 +0000] "method /api/v1/services/service-requests-notes?srid=6230d617ccdb1bcecef0812d HTTP/1.1" 200 2306
29190@Siddharths-MacBook-Pro.local/4fabcc10a2e51405e71b862f-0000000000000001 => ::1 - - [15/Mar/2022:19:26:34 +0000] "method /api/v1/services/service-requests-notes?srid=6230d617ccdb1bcecef0812d HTTP/1.1" 200 2306
29265@Siddharths-MacBook-Pro.local/3a68c87ebb275c05fb2fe37c-0000000000000001 => ::1 - - [15/Mar/2022:19:27:42 +0000] "method /api/v1/services/service-requests-notes?srid=6230d617ccdb1bcecef0812d HTTP/1.1" 200 2306
13950@Siddharths-MacBook-Pro.local/c8f680ea8ef821f41b0e5cbe-0000000000000001 => ::1 - - [16/Mar/2022:02:37:42 +0000] "method /api/v1/auth/login HTTP/1.1" 200 53
49337@Siddharths-MacBook-Pro.local/73fea340673a35ae946873fa-0000000000000001 => ::1 - - [17/Mar/2022:16:06:30 +0000] "method /api/v1/services/service-requests?page=1&perPage=10&type=nw,wk,nt,cls HTTP/1.1" 200 2877
49513@Siddharths-MacBook-Pro.local/455187d9284103c0c17158bc-0000000000000001 => ::1 - - [17/Mar/2022:16:07:09 +0000] "method /api/v1/services/service-requests?page=1&perPage=10&type=nw,wk,nt,cls HTTP/1.1" 200 2877
49570@Siddharths-MacBook-Pro.local/215f9931cda212f2ff124596-0000000000000001 => ::1 - - [17/Mar/2022:16:07:45 +0000] "method /api/v1/services/service-requests?page=1&perPage=10&type=nw,wk,nt,cls HTTP/1.1" 200 2877
49616@Siddharths-MacBook-Pro.local/2a33c82ff4dfc11781a57088-0000000000000001 => ::1 - - [17/Mar/2022:16:08:03 +0000] "method /api/v1/services/service-requests?page=1&perPage=10&type=nw,wk,nt,cls HTTP/1.1" 200 2877
50023@Siddharths-MacBook-Pro.local/ceabca8b88fa726a276474bd-0000000000000001 => ::1 - - [17/Mar/2022:16:16:07 +0000] "method /api/v1/services/service-requests?page=1&perPage=10&type=1 HTTP/1.1" 200 103
50023@Siddharths-MacBook-Pro.local/ceabca8b88fa726a276474bd-0000000000000002 => ::1 - - [17/Mar/2022:16:16:10 +0000] "method /api/v1/services/service-requests?page=1&perPage=10&type=2 HTTP/1.1" 200 103
50068@Siddharths-MacBook-Pro.local/5d439576d7b844ee1994508a-0000000000000001 => ::1 - - [17/Mar/2022:16:16:24 +0000] "method /api/v1/services/service-requests?page=1&perPage=10&type=2 HTTP/1.1" 200 103
50097@Siddharths-MacBook-Pro.local/80f118b96aa4c070fdfc529f-0000000000000001 => ::1 - - [17/Mar/2022:16:16:42 +0000] "method /api/v1/services/service-requests?page=1&perPage=10&type=2 HTTP/1.1" 200 103
50126@Siddharths-MacBook-Pro.local/30c1d2882c6c8e6201080327-0000000000000001 => ::1 - - [17/Mar/2022:16:16:52 +0000] "method /api/v1/services/service-requests?page=1&perPage=10&type=2 HTTP/1.1" 200 103
50126@Siddharths-MacBook-Pro.local/30c1d2882c6c8e6201080327-0000000000000002 => ::1 - - [17/Mar/2022:16:16:56 +0000] "method /api/v1/services/service-requests?page=1&perPage=10&type=1 HTTP/1.1" 200 103
50168@Siddharths-MacBook-Pro.local/02c62c929cffd5db1824f616-0000000000000001 => ::1 - - [17/Mar/2022:16:17:37 +0000] "method /api/v1/services/service-requests?page=1&perPage=10&type=1 HTTP/1.1" 200 103
50215@Siddharths-MacBook-Pro.local/b9b089b92ee3e996e269a4f3-0000000000000001 => ::1 - - [17/Mar/2022:16:18:07 +0000] "method /api/v1/services/service-requests?page=1&perPage=10&type=1 HTTP/1.1" 200 103
50240@Siddharths-MacBook-Pro.local/cfc28bca674cbd0f3992ed54-0000000000000001 => ::1 - - [17/Mar/2022:16:18:21 +0000] "method /api/v1/services/service-requests?page=1&perPage=10&type=1 HTTP/1.1" 200 103
50311@Siddharths-MacBook-Pro.local/a0dc85496a710cdaff4fc1b2-0000000000000001 => ::1 - - [17/Mar/2022:16:18:59 +0000] "method /api/v1/services/service-requests?page=1&perPage=10&type=1 HTTP/1.1" 200 2491
50311@Siddharths-MacBook-Pro.local/a0dc85496a710cdaff4fc1b2-0000000000000002 => ::1 - - [17/Mar/2022:16:19:04 +0000] "method /api/v1/services/service-requests?page=1&perPage=10&type=2 HTTP/1.1" 200 103
50311@Siddharths-MacBook-Pro.local/a0dc85496a710cdaff4fc1b2-0000000000000003 => ::1 - - [17/Mar/2022:16:19:05 +0000] "method /api/v1/services/service-requests?page=1&perPage=10&type=1 HTTP/1.1" 200 2491
50311@Siddharths-MacBook-Pro.local/a0dc85496a710cdaff4fc1b2-0000000000000004 => ::1 - - [17/Mar/2022:16:19:13 +0000] "method /api/v1/services/service-requests?page=1&perPage=10&type=2, HTTP/1.1" 200 103
50311@Siddharths-MacBook-Pro.local/a0dc85496a710cdaff4fc1b2-0000000000000005 => ::1 - - [17/Mar/2022:16:19:15 +0000] "method /api/v1/services/service-requests?page=1&perPage=10&type=1,2 HTTP/1.1" 200 2491
50311@Siddharths-MacBook-Pro.local/a0dc85496a710cdaff4fc1b2-0000000000000006 => ::1 - - [17/Mar/2022:16:20:41 +0000] "method /api/v1/services/service-requests?page=1&perPage=10&type=2 HTTP/1.1" 200 103
50311@Siddharths-MacBook-Pro.local/a0dc85496a710cdaff4fc1b2-0000000000000007 => ::1 - - [17/Mar/2022:16:20:52 +0000] "method /api/v1/services/service-requests?page=1&perPage=10&type=1 HTTP/1.1" 200 2841
50311@Siddharths-MacBook-Pro.local/a0dc85496a710cdaff4fc1b2-0000000000000008 => ::1 - - [17/Mar/2022:16:20:55 +0000] "method /api/v1/services/service-requests?page=1&perPage=10&type=1 HTTP/1.1" 200 2841
50311@Siddharths-MacBook-Pro.local/a0dc85496a710cdaff4fc1b2-0000000000000009 => ::1 - - [17/Mar/2022:16:20:55 +0000] "method /api/v1/services/service-requests?page=1&perPage=10&type=2 HTTP/1.1" 200 103
50311@Siddharths-MacBook-Pro.local/a0dc85496a710cdaff4fc1b2-0000000000000010 => ::1 - - [17/Mar/2022:16:20:57 +0000] "method /api/v1/services/service-requests?page=1&perPage=10&type=1 HTTP/1.1" 200 2841
50603@Siddharths-MacBook-Pro.local/24e10ad869b1ba0b445d415a-0000000000000001 => ::1 - - [17/Mar/2022:16:24:42 +0000] "method /api/v1/services/service-requests HTTP/1.1" 200 374
50603@Siddharths-MacBook-Pro.local/24e10ad869b1ba0b445d415a-0000000000000002 => ::1 - - [17/Mar/2022:16:24:50 +0000] "method /api/v1/services/service-requests?page=1&perPage=10&type=2 HTTP/1.1" 200 104
50603@Siddharths-MacBook-Pro.local/24e10ad869b1ba0b445d415a-0000000000000003 => ::1 - - [17/Mar/2022:16:24:53 +0000] "method /api/v1/services/service-requests?page=1&perPage=10&type=1 HTTP/1.1" 200 3192
50603@Siddharths-MacBook-Pro.local/24e10ad869b1ba0b445d415a-0000000000000004 => ::1 - - [17/Mar/2022:16:25:05 +0000] "method /api/v1/services/service-requests HTTP/1.1" 200 374
50603@Siddharths-MacBook-Pro.local/24e10ad869b1ba0b445d415a-0000000000000005 => ::1 - - [17/Mar/2022:16:25:11 +0000] "method /api/v1/services/service-requests?page=1&perPage=10&type=1 HTTP/1.1" 200 3192
50603@Siddharths-MacBook-Pro.local/24e10ad869b1ba0b445d415a-0000000000000006 => ::1 - - [17/Mar/2022:16:25:14 +0000] "method /api/v1/services/service-requests?page=1&perPage=10&type=2 HTTP/1.1" 200 104
50603@Siddharths-MacBook-Pro.local/24e10ad869b1ba0b445d415a-0000000000000007 => ::1 - - [17/Mar/2022:16:25:16 +0000] "method /api/v1/services/service-requests?page=1&perPage=10&type=1 HTTP/1.1" 200 3192
50756@Siddharths-MacBook-Pro.local/3d8af5a27378fad47b921cb8-0000000000000001 => ::1 - - [17/Mar/2022:16:27:36 +0000] "method /api/v1/services/service-requests?page=1&perPage=10&type=1 HTTP/1.1" 200 104
50756@Siddharths-MacBook-Pro.local/3d8af5a27378fad47b921cb8-0000000000000002 => ::1 - - [17/Mar/2022:16:27:39 +0000] "method /api/v1/services/service-requests?page=1&perPage=10&type=2 HTTP/1.1" 200 805
50756@Siddharths-MacBook-Pro.local/3d8af5a27378fad47b921cb8-0000000000000003 => ::1 - - [17/Mar/2022:16:27:58 +0000] "method /api/v1/services/service-requests?page=1&perPage=10&type=1 HTTP/1.1" 200 104
50756@Siddharths-MacBook-Pro.local/3d8af5a27378fad47b921cb8-0000000000000004 => ::1 - - [17/Mar/2022:16:28:00 +0000] "method /api/v1/services/service-requests?page=1&perPage=10&type=2 HTTP/1.1" 200 805
50822@Siddharths-MacBook-Pro.local/5257cdf878f91a53a1400a33-0000000000000001 => ::1 - - [17/Mar/2022:16:28:48 +0000] "method /api/v1/services/service-requests?page=1&perPage=10&type=2 HTTP/1.1" 200 805
50847@Siddharths-MacBook-Pro.local/4607349147a500e252119a76-0000000000000001 => ::1 - - [17/Mar/2022:16:29:11 +0000] "method /api/v1/services/service-requests?page=1&perPage=10&type=2 HTTP/1.1" 200 104
50847@Siddharths-MacBook-Pro.local/4607349147a500e252119a76-0000000000000002 => ::1 - - [17/Mar/2022:16:29:13 +0000] "method /api/v1/services/service-requests?page=1&perPage=10&type=1 HTTP/1.1" 200 3542
50847@Siddharths-MacBook-Pro.local/4607349147a500e252119a76-0000000000000003 => ::1 - - [17/Mar/2022:16:29:16 +0000] "method /api/v1/services/service-requests?page=1&perPage=10&type=1 HTTP/1.1" 200 3542
50847@Siddharths-MacBook-Pro.local/4607349147a500e252119a76-0000000000000004 => ::1 - - [17/Mar/2022:16:29:29 +0000] "method /api/v1/services/service-requests?page=1&perPage=10&type=2 HTTP/1.1" 200 104
50883@Siddharths-MacBook-Pro.local/4209f49f719bd27e60128a37-0000000000000001 => ::1 - - [17/Mar/2022:16:29:44 +0000] "method /api/v1/services/service-requests?page=1&perPage=10&type=2 HTTP/1.1" 200 805
50902@Siddharths-MacBook-Pro.local/2ee67012fef91fe2176c52a7-0000000000000001 => ::1 - - [17/Mar/2022:16:29:52 +0000] "method /api/v1/services/service-requests?page=1&perPage=10&type=2 HTTP/1.1" 200 805
50902@Siddharths-MacBook-Pro.local/2ee67012fef91fe2176c52a7-0000000000000002 => ::1 - - [17/Mar/2022:16:30:00 +0000] "method /api/v1/services/service-requests HTTP/1.1" 200 374
50932@Siddharths-MacBook-Pro.local/c4a3c64afec76ea68dd3b48f-0000000000000001 => ::1 - - [17/Mar/2022:16:30:28 +0000] "method /api/v1/services/service-requests HTTP/1.1" 200 374
50932@Siddharths-MacBook-Pro.local/c4a3c64afec76ea68dd3b48f-0000000000000002 => ::1 - - [17/Mar/2022:16:30:36 +0000] "method /api/v1/services/service-requests?page=1&perPage=10&type=2,3 HTTP/1.1" 200 1156
50932@Siddharths-MacBook-Pro.local/c4a3c64afec76ea68dd3b48f-0000000000000003 => ::1 - - [17/Mar/2022:16:31:16 +0000] "method /api/v1/services/service-requests?page=1&perPage=10&type=2,3 HTTP/1.1" 200 1156
51028@Siddharths-MacBook-Pro.local/7c625ad68e7a60b2bda9eefe-0000000000000001 => ::1 - - [17/Mar/2022:16:31:56 +0000] "method /api/v1/services/service-requests?page=1&perPage=10&type=2,3 HTTP/1.1" 200 1155
51028@Siddharths-MacBook-Pro.local/7c625ad68e7a60b2bda9eefe-0000000000000002 => ::1 - - [17/Mar/2022:16:32:15 +0000] "method /api/v1/services/service-requests?page=1&perPage=10&type=3 HTTP/1.1" 200 103
51028@Siddharths-MacBook-Pro.local/7c625ad68e7a60b2bda9eefe-0000000000000003 => ::1 - - [17/Mar/2022:16:32:20 +0000] "method /api/v1/services/service-requests HTTP/1.1" 200 374
51028@Siddharths-MacBook-Pro.local/7c625ad68e7a60b2bda9eefe-0000000000000004 => ::1 - - [17/Mar/2022:16:32:24 +0000] "method /api/v1/services/service-requests?page=1&perPage=10&type=3 HTTP/1.1" 200 103
51072@Siddharths-MacBook-Pro.local/0cf3e0aac6c6c2644ce8cb3e-0000000000000001 => ::1 - - [17/Mar/2022:16:32:43 +0000] "method /api/v1/services/service-requests?page=1&perPage=10&type=3 HTTP/1.1" 200 804
51371@Siddharths-MacBook-Pro.local/f6a794503daf20a9c2b53ad9-0000000000000001 => ::1 - - [17/Mar/2022:16:40:19 +0000] "method /api/v1/services/service-requests?page=1&perPage=10&type=3 HTTP/1.1" 200 804
51371@Siddharths-MacBook-Pro.local/f6a794503daf20a9c2b53ad9-0000000000000002 => ::1 - - [17/Mar/2022:16:40:50 +0000] "method /api/v1/services/service-requests?page=1&perPage=10&type=2 HTTP/1.1" 200 1155
51371@Siddharths-MacBook-Pro.local/f6a794503daf20a9c2b53ad9-0000000000000003 => ::1 - - [17/Mar/2022:16:41:00 +0000] "method /api/v1/services/service-requests?page=1&perPage=10&type=2,3 HTTP/1.1" 200 1857
51508@Siddharths-MacBook-Pro.local/bf312128c9cca8d22ad6930a-0000000000000001 => ::1 - - [17/Mar/2022:16:42:48 +0000] "method /api/v1/services/service-requests?page=1&perPage=10&type=2,3 HTTP/1.1" 200 1857
51508@Siddharths-MacBook-Pro.local/bf312128c9cca8d22ad6930a-0000000000000002 => ::1 - - [17/Mar/2022:16:42:54 +0000] "method /api/v1/services/service-requests?page=1&perPage=10&type=1,3 HTTP/1.1" 200 3542
51573@Siddharths-MacBook-Pro.local/896b1e76bb07cde78f4320e8-0000000000000001 => ::1 - - [17/Mar/2022:16:43:47 +0000] "method /api/v1/services/service-requests?page=1&perPage=10&type=1,3 HTTP/1.1" 200 3542
51573@Siddharths-MacBook-Pro.local/896b1e76bb07cde78f4320e8-0000000000000002 => ::1 - - [17/Mar/2022:16:44:09 +0000] "method /api/v1/services/service-requests?page=1&perPage=10&type=3 HTTP/1.1" 200 804
51624@Siddharths-MacBook-Pro.local/3a2dc19a00c36005bdf3d3d2-0000000000000001 => ::1 - - [17/Mar/2022:16:44:42 +0000] "method /api/v1/services/service-requests?page=1&perPage=10&type=2,3 HTTP/1.1" 200 1857
51624@Siddharths-MacBook-Pro.local/3a2dc19a00c36005bdf3d3d2-0000000000000002 => ::1 - - [17/Mar/2022:16:45:09 +0000] "method /api/v1/services/service-requests?page=1&perPage=10&type=2,3,1 HTTP/1.1" 200 3542
51819@Siddharths-MacBook-Pro.local/a23b7f804c03c4d3e3ee671f-0000000000000001 => ::1 - - [17/Mar/2022:16:47:25 +0000] "method /api/v1/services/service-requests?page=1&perPage=10&status=2,3,1 HTTP/1.1" 200 3542
51963@Siddharths-MacBook-Pro.local/ffacc81e79ff74e68e2e7a0f-0000000000000001 => ::1 - - [17/Mar/2022:16:48:46 +0000] "method /api/v1/services/service-requests?page=1&perPage=10&status=1,2 HTTP/1.1" 200 3542
51963@Siddharths-MacBook-Pro.local/ffacc81e79ff74e68e2e7a0f-0000000000000002 => ::1 - - [17/Mar/2022:16:48:49 +0000] "method /api/v1/services/service-requests?page=1&perPage=10&status=0 HTTP/1.1" 200 103
51963@Siddharths-MacBook-Pro.local/ffacc81e79ff74e68e2e7a0f-0000000000000003 => ::1 - - [17/Mar/2022:16:48:56 +0000] "method /api/v1/services/service-requests?page=1&perPage=10&status=1 HTTP/1.1" 200 3542
51963@Siddharths-MacBook-Pro.local/ffacc81e79ff74e68e2e7a0f-0000000000000004 => ::1 - - [17/Mar/2022:16:49:00 +0000] "method /api/v1/services/service-requests?page=1&perPage=10&status=2 HTTP/1.1" 200 1155
51963@Siddharths-MacBook-Pro.local/ffacc81e79ff74e68e2e7a0f-0000000000000005 => ::1 - - [17/Mar/2022:16:49:04 +0000] "method /api/v1/services/service-requests?page=1&perPage=10&status=3 HTTP/1.1" 200 804
51963@Siddharths-MacBook-Pro.local/ffacc81e79ff74e68e2e7a0f-0000000000000006 => ::1 - - [17/Mar/2022:16:49:11 +0000] "method /api/v1/services/service-requests?page=1&perPage=10&status=1,3 HTTP/1.1" 200 3542
51963@Siddharths-MacBook-Pro.local/ffacc81e79ff74e68e2e7a0f-0000000000000007 => ::1 - - [17/Mar/2022:16:49:47 +0000] "method /api/v1/services/service-requests?page=1&perPage=10&status=3 HTTP/1.1" 200 804
51963@Siddharths-MacBook-Pro.local/ffacc81e79ff74e68e2e7a0f-0000000000000008 => ::1 - - [17/Mar/2022:16:49:52 +0000] "method /api/v1/services/service-requests?page=1&perPage=10&status=3,1 HTTP/1.1" 200 3542
51963@Siddharths-MacBook-Pro.local/ffacc81e79ff74e68e2e7a0f-0000000000000009 => ::1 - - [17/Mar/2022:16:49:56 +0000] "method /api/v1/services/service-requests?page=1&perPage=10&status=3 HTTP/1.1" 200 804
51963@Siddharths-MacBook-Pro.local/ffacc81e79ff74e68e2e7a0f-0000000000000010 => ::1 - - [17/Mar/2022:16:50:08 +0000] "method /api/v1/services/service-requests?page=1&perPage=10&status=3,1 HTTP/1.1" 200 3542
52046@Siddharths-MacBook-Pro.local/fd28187241e6e2a6d4171c83-0000000000000001 => ::1 - - [17/Mar/2022:16:50:38 +0000] "method /api/v1/services/service-requests?page=1&perPage=10&status=1,3 HTTP/1.1" 200 3542
52046@Siddharths-MacBook-Pro.local/fd28187241e6e2a6d4171c83-0000000000000002 => ::1 - - [17/Mar/2022:16:50:56 +0000] "method /api/v1/services/service-requests?page=1&perPage=100&status=1,3 HTTP/1.1" 200 7047
52046@Siddharths-MacBook-Pro.local/fd28187241e6e2a6d4171c83-0000000000000003 => ::1 - - [17/Mar/2022:16:51:06 +0000] "method /api/v1/services/service-requests?page=1&perPage=100&status=1,3 HTTP/1.1" 200 7047
52046@Siddharths-MacBook-Pro.local/fd28187241e6e2a6d4171c83-0000000000000004 => ::1 - - [17/Mar/2022:16:51:31 +0000] "method /api/v1/services/service-requests?page=1&perPage=10&status=1,3 HTTP/1.1" 200 3542
52126@Siddharths-MacBook-Pro.local/0b73f191e7be26b2d64e4994-0000000000000001 => ::1 - - [17/Mar/2022:16:52:15 +0000] "method /api/v1/services/service-requests?page=1&perPage=10&status=1,3 HTTP/1.1" 200 3542
52126@Siddharths-MacBook-Pro.local/0b73f191e7be26b2d64e4994-0000000000000002 => ::1 - - [17/Mar/2022:16:52:23 +0000] "method /api/v1/services/service-requests?page=1&perPage=20&status=1,3 HTTP/1.1" 200 7047
52177@Siddharths-MacBook-Pro.local/c90dd5a4d17e73466acc97a6-0000000000000001 => ::1 - - [17/Mar/2022:16:53:20 +0000] "method /api/v1/services/service-requests?page=1&perPage=20&status=1,3 HTTP/1.1" 200 7047
52177@Siddharths-MacBook-Pro.local/c90dd5a4d17e73466acc97a6-0000000000000002 => ::1 - - [17/Mar/2022:16:53:30 +0000] "method /api/v1/services/service-requests?page=1&perPage=10&status=1,3 HTTP/1.1" 200 3542
52206@Siddharths-MacBook-Pro.local/20b1c099ec6b242103003195-0000000000000001 => ::1 - - [17/Mar/2022:16:53:38 +0000] "method /api/v1/services/service-requests?page=1&perPage=10&status=1,3 HTTP/1.1" 200 3542
52206@Siddharths-MacBook-Pro.local/20b1c099ec6b242103003195-0000000000000002 => ::1 - - [17/Mar/2022:16:53:43 +0000] "method /api/v1/services/service-requests?page=1&perPage=20&status=1,3 HTTP/1.1" 200 7047
52206@Siddharths-MacBook-Pro.local/20b1c099ec6b242103003195-0000000000000003 => ::1 - - [17/Mar/2022:16:53:44 +0000] "method /api/v1/services/service-requests?page=1&perPage=10&status=1,3 HTTP/1.1" 200 3542
52206@Siddharths-MacBook-Pro.local/20b1c099ec6b242103003195-0000000000000004 => ::1 - - [17/Mar/2022:16:54:14 +0000] "method /api/v1/services/service-requests?page=1&perPage=50&status=1,3 HTTP/1.1" 200 7047
52206@Siddharths-MacBook-Pro.local/20b1c099ec6b242103003195-0000000000000005 => ::1 - - [17/Mar/2022:16:54:26 +0000] "method /api/v1/services/service-requests?page=1&perPage=3&status=1,3 HTTP/1.1" 200 1121
52206@Siddharths-MacBook-Pro.local/20b1c099ec6b242103003195-0000000000000006 => ::1 - - [17/Mar/2022:16:54:53 +0000] "method /api/v1/services/service-requests?page=2&perPage=3&status=1,3 HTTP/1.1" 200 1121
52280@Siddharths-MacBook-Pro.local/2e269c5c388b728fe5f4e9d3-0000000000000001 => ::1 - - [17/Mar/2022:16:55:29 +0000] "method /api/v1/services/service-requests?page=2&perPage=3&status=1,3 HTTP/1.1" 200 1121
52329@Siddharths-MacBook-Pro.local/a43f8f4cadb9bea4653d302e-0000000000000001 => ::1 - - [17/Mar/2022:16:56:06 +0000] "method /api/v1/services/service-requests?page=2&perPage=3&status=1,2 HTTP/1.1" 200 1121
52329@Siddharths-MacBook-Pro.local/a43f8f4cadb9bea4653d302e-0000000000000002 => ::1 - - [17/Mar/2022:16:56:20 +0000] "method /api/v1/services/service-requests?page=1&perPage=3&status=1,2 HTTP/1.1" 200 1121
52329@Siddharths-MacBook-Pro.local/a43f8f4cadb9bea4653d302e-0000000000000003 => ::1 - - [17/Mar/2022:16:56:38 +0000] "method /api/v1/services/service-requests?page=2&perPage=3&status=1,2 HTTP/1.1" 200 1121
52387@Siddharths-MacBook-Pro.local/02aa90b2f44321b0dd3f3699-0000000000000001 => ::1 - - [17/Mar/2022:16:57:26 +0000] "method /api/v1/services/service-requests?page=2&perPage=3&status=1,2 HTTP/1.1" 200 1121
52419@Siddharths-MacBook-Pro.local/35dd769fe9c137bfd874587d-0000000000000001 => ::1 - - [17/Mar/2022:16:57:42 +0000] "method /api/v1/services/service-requests?page=2&perPage=3&status=1,2 HTTP/1.1" 200 1121
52437@Siddharths-MacBook-Pro.local/9581acd00fbeb1ece34b9037-0000000000000001 => ::1 - - [17/Mar/2022:16:57:51 +0000] "method /api/v1/services/service-requests?page=2&perPage=3&status=1,2 HTTP/1.1" 200 1121
52437@Siddharths-MacBook-Pro.local/9581acd00fbeb1ece34b9037-0000000000000002 => ::1 - - [17/Mar/2022:16:58:06 +0000] "method /api/v1/services/service-requests?page=2&perPage=3&status=1,2 HTTP/1.1" 200 1121
52437@Siddharths-MacBook-Pro.local/9581acd00fbeb1ece34b9037-0000000000000003 => ::1 - - [17/Mar/2022:16:58:10 +0000] "method /api/v1/services/service-requests?page=1&perPage=3&status=1,2 HTTP/1.1" 200 1121
52437@Siddharths-MacBook-Pro.local/9581acd00fbeb1ece34b9037-0000000000000004 => ::1 - - [17/Mar/2022:16:58:15 +0000] "method /api/v1/services/service-requests?page=1&perPage=10&status=1,2 HTTP/1.1" 200 3542
52510@Siddharths-MacBook-Pro.local/9d46b19f950627c00b7f683c-0000000000000001 => ::1 - - [17/Mar/2022:16:59:54 +0000] "method /api/v1/services/service-requests?page=1&perPage=10&status=1,2 HTTP/1.1" 200 3542
52510@Siddharths-MacBook-Pro.local/9d46b19f950627c00b7f683c-0000000000000002 => ::1 - - [17/Mar/2022:16:59:59 +0000] "method /api/v1/services/service-requests?page=1&perPage=14%20&status=1,2 HTTP/1.1" 422 105
52510@Siddharths-MacBook-Pro.local/9d46b19f950627c00b7f683c-0000000000000003 => ::1 - - [17/Mar/2022:17:00:00 +0000] "method /api/v1/services/service-requests?page=1&perPage=14&status=1,2 HTTP/1.1" 200 4943
52510@Siddharths-MacBook-Pro.local/9d46b19f950627c00b7f683c-0000000000000004 => ::1 - - [17/Mar/2022:17:00:03 +0000] "method /api/v1/services/service-requests?page=1&perPage=234234&status=1,2 HTTP/1.1" 200 6345
52510@Siddharths-MacBook-Pro.local/9d46b19f950627c00b7f683c-0000000000000005 => ::1 - - [17/Mar/2022:17:00:07 +0000] "method /api/v1/services/service-requests?page=1&perPage=29&status=1,2 HTTP/1.1" 200 6345
52510@Siddharths-MacBook-Pro.local/9d46b19f950627c00b7f683c-0000000000000006 => ::1 - - [17/Mar/2022:17:00:09 +0000] "method /api/v1/services/service-requests?page=1&perPage=23&status=1,2 HTTP/1.1" 200 6345
52510@Siddharths-MacBook-Pro.local/9d46b19f950627c00b7f683c-0000000000000007 => ::1 - - [17/Mar/2022:17:00:13 +0000] "method /api/v1/services/service-requests?page=1&perPage=12&status=1,2 HTTP/1.1" 200 4242
52741@Siddharths-MacBook-Pro.local/186a34e566f21e73e39a10a1-0000000000000001 => ::1 - - [17/Mar/2022:17:04:29 +0000] "method /api/v1/services/service-requests?page=1&perPage=12&status=1,2 HTTP/1.1" 200 4242
52741@Siddharths-MacBook-Pro.local/186a34e566f21e73e39a10a1-0000000000000002 => ::1 - - [17/Mar/2022:17:04:32 +0000] "method /api/v1/services/service-requests?page=1&perPage=12&status=1 HTTP/1.1" 200 4242
52741@Siddharths-MacBook-Pro.local/186a34e566f21e73e39a10a1-0000000000000003 => ::1 - - [17/Mar/2022:17:04:37 +0000] "method /api/v1/services/service-requests?page=1&perPage=10&status=1 HTTP/1.1" 200 3542
53057@Siddharths-MacBook-Pro.local/941e4abdd0c62b9f41b2552a-0000000000000001 => ::1 - - [17/Mar/2022:17:10:09 +0000] "method /api/v1/services/service-requests?page=1&perPage=10&status=1 HTTP/1.1" 200 3526
53083@Siddharths-MacBook-Pro.local/57e7a03bf9a531c39e65ee22-0000000000000001 => ::1 - - [17/Mar/2022:17:10:32 +0000] "method /api/v1/services/service-requests?page=1&perPage=10&status=1 HTTP/1.1" 200 3542
53083@Siddharths-MacBook-Pro.local/57e7a03bf9a531c39e65ee22-0000000000000002 => ::1 - - [17/Mar/2022:17:10:37 +0000] "method /api/v1/services/service-requests?page=1&perPage=2&status=1 HTTP/1.1" 200 783
53083@Siddharths-MacBook-Pro.local/57e7a03bf9a531c39e65ee22-0000000000000003 => ::1 - - [17/Mar/2022:17:10:39 +0000] "method /api/v1/services/service-requests?page=1&perPage=3&status=1 HTTP/1.1" 200 1122
53083@Siddharths-MacBook-Pro.local/57e7a03bf9a531c39e65ee22-0000000000000004 => ::1 - - [17/Mar/2022:17:10:43 +0000] "method /api/v1/services/service-requests?page=1&perPage=3&status=1,2 HTTP/1.1" 200 1122
53083@Siddharths-MacBook-Pro.local/57e7a03bf9a531c39e65ee22-0000000000000005 => ::1 - - [17/Mar/2022:17:10:48 +0000] "method /api/v1/services/service-requests?page=1&perPage=3&status=1,2,3 HTTP/1.1" 200 1122
53083@Siddharths-MacBook-Pro.local/57e7a03bf9a531c39e65ee22-0000000000000006 => ::1 - - [17/Mar/2022:17:10:52 +0000] "method /api/v1/services/service-requests?page=1&perPage=3&status=1,3 HTTP/1.1" 200 1122
53083@Siddharths-MacBook-Pro.local/57e7a03bf9a531c39e65ee22-0000000000000007 => ::1 - - [17/Mar/2022:17:10:57 +0000] "method /api/v1/services/service-requests?page=1&perPage=3&status=2 HTTP/1.1" 200 1155
53083@Siddharths-MacBook-Pro.local/57e7a03bf9a531c39e65ee22-0000000000000008 => ::1 - - [17/Mar/2022:17:10:59 +0000] "method /api/v1/services/service-requests?page=1&perPage=3&status=1, HTTP/1.1" 200 1122
53083@Siddharths-MacBook-Pro.local/57e7a03bf9a531c39e65ee22-0000000000000009 => ::1 - - [17/Mar/2022:17:11:00 +0000] "method /api/v1/services/service-requests?page=1&perPage=3&status=1,2 HTTP/1.1" 200 1122
53083@Siddharths-MacBook-Pro.local/57e7a03bf9a531c39e65ee22-0000000000000010 => ::1 - - [17/Mar/2022:17:11:01 +0000] "method /api/v1/services/service-requests?page=1&perPage=3&status=1,2,3 HTTP/1.1" 200 1122
53083@Siddharths-MacBook-Pro.local/57e7a03bf9a531c39e65ee22-0000000000000011 => ::1 - - [17/Mar/2022:17:11:03 +0000] "method /api/v1/services/service-requests?page=1&perPage=3&status=1,2, HTTP/1.1" 200 1122
53261@Siddharths-MacBook-Pro.local/44996c7d7f988f80533be1e8-0000000000000001 => ::1 - - [17/Mar/2022:17:13:07 +0000] "method /api/v1/services/service-requests?page=1&perPage=3 HTTP/1.1" 422 90
53261@Siddharths-MacBook-Pro.local/44996c7d7f988f80533be1e8-0000000000000002 => ::1 - - [17/Mar/2022:17:13:13 +0000] "method /api/v1/services/service-requests?page=1&perPage=3&status=1 HTTP/1.1" 422 103
53261@Siddharths-MacBook-Pro.local/44996c7d7f988f80533be1e8-0000000000000003 => ::1 - - [17/Mar/2022:17:13:17 +0000] "method /api/v1/services/service-requests?page=1&perPage=3&status=[1,2,3] HTTP/1.1" 422 109
53261@Siddharths-MacBook-Pro.local/44996c7d7f988f80533be1e8-0000000000000004 => ::1 - - [17/Mar/2022:17:13:21 +0000] "method /api/v1/services/service-requests?page=1&perPage=3&status=1 HTTP/1.1" 422 103
53293@Siddharths-MacBook-Pro.local/0a230b440b98c7ccc67216e8-0000000000000001 => ::1 - - [17/Mar/2022:17:13:31 +0000] "method /api/v1/services/service-requests?page=1&perPage=3&status=1 HTTP/1.1" 200 1122
53293@Siddharths-MacBook-Pro.local/0a230b440b98c7ccc67216e8-0000000000000002 => ::1 - - [17/Mar/2022:17:13:34 +0000] "method /api/v1/services/service-requests?page=1&perPage=3&status=1,3 HTTP/1.1" 200 1122
53293@Siddharths-MacBook-Pro.local/0a230b440b98c7ccc67216e8-0000000000000003 => ::1 - - [17/Mar/2022:17:13:35 +0000] "method /api/v1/services/service-requests?page=1&perPage=3&status=1,3,2 HTTP/1.1" 200 1122
53293@Siddharths-MacBook-Pro.local/0a230b440b98c7ccc67216e8-0000000000000004 => ::1 - - [17/Mar/2022:17:13:39 +0000] "method /api/v1/services/service-requests?page=1&perPage=3&status=0 HTTP/1.1" 200 103
53293@Siddharths-MacBook-Pro.local/0a230b440b98c7ccc67216e8-0000000000000005 => ::1 - - [17/Mar/2022:17:13:42 +0000] "method /api/v1/services/service-requests?page=1&perPage=3 HTTP/1.1" 422 90
25607@sky.local/461e5ba73989dd5d9f62a6e1-0000000000000001 => ::1 - - [21/Mar/2022:16:49:47 +0000] "method /api/v1/common/uploads/pd HTTP/1.1" 404 164
25607@sky.local/461e5ba73989dd5d9f62a6e1-0000000000000002 => ::1 - - [21/Mar/2022:16:49:53 +0000] "method /api/v1/common/uploads/pdf HTTP/1.1" 500 1019
25957@sky.local/cd8c0c0c97a7f66d01017547-0000000000000001 => ::1 - - [21/Mar/2022:16:53:22 +0000] "method /api/v1/common/uploads/pdf HTTP/1.1" 200 263
25957@sky.local/cd8c0c0c97a7f66d01017547-0000000000000002 => ::1 - - [21/Mar/2022:16:54:05 +0000] "method /api/v1/common/uploads/pdf HTTP/1.1" 200 51
25957@sky.local/cd8c0c0c97a7f66d01017547-0000000000000003 => ::1 - - [21/Mar/2022:16:54:32 +0000] "method /api/v1/common/uploads/pdf HTTP/1.1" 200 263
26531@sky.local/90937e14c2d39b82ce8cd7c3-0000000000000001 => ::1 - - [21/Mar/2022:17:02:35 +0000] "method /api/v1/uploads/uploads HTTP/1.1" 404 161
26531@sky.local/90937e14c2d39b82ce8cd7c3-0000000000000002 => ::1 - - [21/Mar/2022:17:02:54 +0000] "method /api/v1/common/uploads/pdf HTTP/1.1" 200 51
- => ::1 - - [21/Mar/2022:17:11:18 +0000] "method /api/v1/common/uploads/pdf HTTP/1.1" - -
27186@sky.local/3a902bd15617b69ecab85bef-0000000000000001 => ::1 - - [21/Mar/2022:17:12:14 +0000] "method /api/v1/common/uploads/pdf HTTP/1.1" 200 1370
27264@sky.local/087dd9af17c682e56e37b24c-0000000000000001 => ::1 - - [21/Mar/2022:17:13:07 +0000] "method /api/v1/common/uploads/pdf HTTP/1.1" 200 1331
27606@sky.local/e86bfb092305c783e5de7f00-0000000000000001 => ::1 - - [21/Mar/2022:17:16:10 +0000] "method /api/v1/common/uploads/pdf HTTP/1.1" 200 1329
27748@sky.local/75e0835673e60b9dc0142d6e-0000000000000001 => ::1 - - [21/Mar/2022:17:18:12 +0000] "method /api/v1/common/uploads/pdf HTTP/1.1" 200 1381
28062@sky.local/78fb2e99443d196dc6ffc759-0000000000000001 => ::1 - - [21/Mar/2022:17:21:58 +0000] "method /api/v1/common/uploads/pdf HTTP/1.1" 200 1383
28113@sky.local/a4c536ec2302e32fe971c288-0000000000000001 => ::1 - - [21/Mar/2022:17:22:29 +0000] "method /api/v1/common/uploads/pdf HTTP/1.1" 200 1363
28161@sky.local/2cbfa96a8bd28cd313aed283-0000000000000001 => ::1 - - [21/Mar/2022:17:22:44 +0000] "method /api/v1/common/uploads/pdf HTTP/1.1" 200 1360
28161@sky.local/2cbfa96a8bd28cd313aed283-0000000000000002 => ::1 - - [21/Mar/2022:17:23:37 +0000] "method /api/v1/common/uploads/pdf HTTP/1.1" 200 1362
28312@sky.local/3421686cbe450fa7666f2b72-0000000000000001 => ::1 - - [21/Mar/2022:17:24:15 +0000] "method /api/v1/common/uploads/pdf HTTP/1.1" 200 1360
28491@sky.local/91e4e2cbdd0490a656cb7338-0000000000000001 => ::1 - - [21/Mar/2022:17:25:54 +0000] "method /api/v1/common/uploads/pdf HTTP/1.1" 200 1287
28584@sky.local/6e8c39632766cdf7eeca7143-0000000000000001 => ::1 - - [21/Mar/2022:17:27:21 +0000] "method /api/v1/common/uploads/pdf HTTP/1.1" 200 1291
28659@sky.local/c728b0981b24f480378f090f-0000000000000001 => ::1 - - [21/Mar/2022:17:28:11 +0000] "method /api/v1/common/uploads/pdf HTTP/1.1" 200 1289
28731@sky.local/f7c04ef83c1286a497fd8614-0000000000000001 => ::1 - - [21/Mar/2022:17:28:21 +0000] "method /api/v1/common/uploads/pdf HTTP/1.1" 200 1291
28775@sky.local/50cc2aa06b9030f3e5ac3048-0000000000000001 => ::1 - - [21/Mar/2022:17:28:29 +0000] "method /api/v1/common/uploads/pdf HTTP/1.1" 200 411412
28952@sky.local/b9e8c1a070c872085d8d5225-0000000000000001 => ::1 - - [21/Mar/2022:17:29:16 +0000] "method /api/v1/common/uploads/pdf HTTP/1.1" 200 2
29005@sky.local/f966839849788615613f99c3-0000000000000001 => ::1 - - [21/Mar/2022:17:29:25 +0000] "method /api/v1/common/uploads/pdf HTTP/1.1" 200 2
29094@sky.local/a01bde0308be2663e1ebbfd1-0000000000000001 => ::1 - - [21/Mar/2022:17:29:31 +0000] "method /api/v1/common/uploads/pdf HTTP/1.1" 200 411408
29874@sky.local/56f9c4ea11ebe6f3c1a9c7ff-0000000000000001 => ::1 - - [21/Mar/2022:17:34:22 +0000] "method /api/v1/common/uploads/pdf HTTP/1.1" 200 39
30020@sky.local/ab96426fc88df2ccd17886f1-0000000000000001 => ::1 - - [21/Mar/2022:17:35:24 +0000] "method /api/v1/common/uploads/pdf HTTP/1.1" 200 39
30020@sky.local/ab96426fc88df2ccd17886f1-0000000000000002 => ::1 - - [21/Mar/2022:17:35:25 +0000] "method /api/v1/common/uploads/pdf HTTP/1.1" 200 39
30106@sky.local/8eea0f754a4621d7fb511436-0000000000000001 => ::1 - - [21/Mar/2022:17:36:09 +0000] "method /api/v1/common/uploads/pdf HTTP/1.1" 200 39
30106@sky.local/8eea0f754a4621d7fb511436-0000000000000002 => ::1 - - [21/Mar/2022:17:36:10 +0000] "method /api/v1/common/uploads/pdf HTTP/1.1" 200 39
30227@sky.local/08e14e63629b30833ed27d62-0000000000000001 => ::1 - - [21/Mar/2022:17:38:26 +0000] "method /api/v1/common/uploads/pdf HTTP/1.1" 200 54
30334@sky.local/e82fcaf9de48065596b7904e-0000000000000001 => ::1 - - [21/Mar/2022:17:39:40 +0000] "method /api/v1/common/uploads/pdf HTTP/1.1" 200 54
30421@sky.local/cda443856e76f044fd382b4c-0000000000000001 => ::1 - - [21/Mar/2022:17:39:59 +0000] "method /api/v1/common/uploads/pdf HTTP/1.1" 200 54
- => ::1 - - [21/Mar/2022:17:41:56 +0000] "method /api/v1/common/uploads/pdf HTTP/1.1" - -
- => ::1 - - [21/Mar/2022:17:42:00 +0000] "method /api/v1/common/uploads/pdf HTTP/1.1" - -
30728@sky.local/353ea51cd401339674179cbb-0000000000000001 => ::1 - - [21/Mar/2022:17:42:32 +0000] "method /api/v1/common/uploads/pdf HTTP/1.1" 200 263
31092@sky.local/13cf0c787e878da0b8e629af-0000000000000001 => ::1 - - [21/Mar/2022:17:48:24 +0000] "method /api/v1/common/uploads/pdf HTTP/1.1" 200 363
31293@sky.local/cd739b2aae100233df82e8d9-0000000000000001 => ::1 - - [21/Mar/2022:17:51:15 +0000] "method /api/v1/common/uploads/pdf HTTP/1.1" 200 375
31601@sky.local/6d5f618535833b667d86fe9d-0000000000000001 => ::1 - - [21/Mar/2022:17:53:35 +0000] "method /api/v1/common/uploads/pdf HTTP/1.1" 200 375
31663@sky.local/8aa502b56233b2ae7c1916d9-0000000000000001 => ::1 - - [21/Mar/2022:17:54:12 +0000] "method /api/v1/common/uploads/pdf HTTP/1.1" 200 375
31817@sky.local/4cc8e70ea75b1aa4a9ad4645-0000000000000001 => ::1 - - [21/Mar/2022:17:54:50 +0000] "method /api/v1/common/uploads/pdf HTTP/1.1" 200 375
31817@sky.local/4cc8e70ea75b1aa4a9ad4645-0000000000000002 => ::1 - - [21/Mar/2022:17:54:53 +0000] "method /api/v1/common/uploads/pdf HTTP/1.1" 200 375
31910@sky.local/c9d25dbe89897239cc15ccb9-0000000000000001 => ::1 - - [21/Mar/2022:17:55:30 +0000] "method /api/v1/common/uploads/pdf HTTP/1.1" 200 375
31990@sky.local/dad39891972e9018e3c2241f-0000000000000001 => ::1 - - [21/Mar/2022:17:55:40 +0000] "method /api/v1/common/uploads/pdf HTTP/1.1" 200 375
32130@sky.local/bccdf239501a1f93b5a63630-0000000000000001 => ::1 - - [21/Mar/2022:17:56:20 +0000] "method /api/v1/common/uploads/pdf HTTP/1.1" 200 417
32467@sky.local/a0180e5f64552a0db0fa1779-0000000000000001 => ::1 - - [21/Mar/2022:18:01:50 +0000] "method /api/v1/common/uploads/pdf HTTP/1.1" 200 417
32601@sky.local/93dddd55217d73f001bdb7a8-0000000000000001 => ::1 - - [21/Mar/2022:18:03:05 +0000] "method /api/v1/common/uploads/pdf HTTP/1.1" 200 471
32917@sky.local/7edf0e8fa3fd536ba95f21a3-0000000000000001 => ::1 - - [21/Mar/2022:18:04:17 +0000] "method /api/v1/common/uploads/pdf HTTP/1.1" 200 0
33001@sky.local/4a1a1828a3b96e0dcd08003c-0000000000000001 => ::1 - - [21/Mar/2022:18:05:34 +0000] "method /api/v1/common/uploads/pdf HTTP/1.1" 200 0
33465@sky.local/94375e85e59cf9a97b35e5de-0000000000000001 => ::1 - - [21/Mar/2022:18:09:02 +0000] "method /api/v1/common/uploads/pdf HTTP/1.1" 200 0
33521@sky.local/a6e33ad11902b285a426a84a-0000000000000001 => ::1 - - [21/Mar/2022:18:09:25 +0000] "method /api/v1/common/uploads/pdf HTTP/1.1" 200 2
33660@sky.local/778b2df8455f84d87e2f0df1-0000000000000001 => ::1 - - [21/Mar/2022:18:10:24 +0000] "method /api/v1/common/uploads/pdf HTTP/1.1" 200 2
33761@sky.local/11015f5ebc8fd8d8538b5c38-0000000000000001 => ::1 - - [21/Mar/2022:18:10:35 +0000] "method /api/v1/common/uploads/pdf HTTP/1.1" 200 16
33997@sky.local/3948437b5199cf0c25be2332-0000000000000001 => ::1 - - [21/Mar/2022:18:11:47 +0000] "method /api/v1/common/uploads/pdf HTTP/1.1" 200 16
34238@sky.local/214694d8661b07d533309cb0-0000000000000001 => ::1 - - [21/Mar/2022:18:13:26 +0000] "method /api/v1/common/uploads/pdf HTTP/1.1" 200 79
34367@sky.local/d0cf0eac5c8d2f3f826f299d-0000000000000001 => ::1 - - [21/Mar/2022:18:14:36 +0000] "method /api/v1/common/uploads/pdf HTTP/1.1" 200 92
34470@sky.local/95da8986a77bb4d6b9bc26d9-0000000000000001 => ::1 - - [21/Mar/2022:18:15:16 +0000] "method /api/v1/common/uploads/pdf HTTP/1.1" 200 67
34557@sky.local/f44ef324b2c992b8c0f35a79-0000000000000001 => ::1 - - [21/Mar/2022:18:21:18 +0000] "method /api/v1/common/uploads/pdf HTTP/1.1" 200 67
34557@sky.local/f44ef324b2c992b8c0f35a79-0000000000000002 => ::1 - - [21/Mar/2022:18:21:23 +0000] "method /api/v1/common/uploads/pdf HTTP/1.1" 404 164
34557@sky.local/f44ef324b2c992b8c0f35a79-0000000000000003 => ::1 - - [21/Mar/2022:18:21:25 +0000] "method /api/v1/common/uploads/pdf HTTP/1.1" 404 164
34557@sky.local/f44ef324b2c992b8c0f35a79-0000000000000004 => ::1 - - [21/Mar/2022:18:21:29 +0000] "method /api/v1/common/uploads/pdf HTTP/1.1" 200 67
34941@sky.local/2b5e5a92621cf27bd5f51c3a-0000000000000001 => ::1 - - [21/Mar/2022:18:23:27 +0000] "method /api/v1/common/uploads/pdf HTTP/1.1" 200 67
35040@sky.local/af0be105b94f2ee0a8280075-0000000000000001 => ::1 - - [21/Mar/2022:18:24:07 +0000] "method /api/v1/common/uploads/pdf HTTP/1.1" 200 153
35082@sky.local/2cbfc28b0c47d30661c4323d-0000000000000001 => ::1 - - [21/Mar/2022:18:24:13 +0000] "method /api/v1/common/uploads/pdf HTTP/1.1" 200 69
35291@sky.local/22ad743054c59cc54d6739a9-0000000000000001 => ::1 - - [21/Mar/2022:18:26:54 +0000] "method /api/v1/common/uploads/pdf?fp=1647255189373 HTTP/1.1" 200 81
