65980@sky.local/1134d6db10d3159f3110b5e1-0000000000000009 => ::1 - - [30/Mar/2022:17:22:56 +0000] "method /api/v1/auth/register HTTP/1.1" 400 90
65980@sky.local/1134d6db10d3159f3110b5e1-0000000000000010 => ::1 - - [30/Mar/2022:17:23:01 +0000] "method /api/v1/auth/register HTTP/1.1" 201 309
65980@sky.local/1134d6db10d3159f3110b5e1-0000000000000011 => ::1 - - [30/Mar/2022:17:23:22 +0000] "method /api/v1/auth/register HTTP/1.1" 400 90
65980@sky.local/1134d6db10d3159f3110b5e1-0000000000000012 => ::1 - - [30/Mar/2022:17:23:26 +0000] "method /api/v1/auth/register HTTP/1.1" 400 90
65980@sky.local/1134d6db10d3159f3110b5e1-0000000000000013 => ::1 - - [30/Mar/2022:17:23:34 +0000] "method /api/v1/auth/register HTTP/1.1" 201 310
65980@sky.local/1134d6db10d3159f3110b5e1-0000000000000014 => ::1 - - [30/Mar/2022:17:24:56 +0000] "method /api/v1/auth/register HTTP/1.1" 400 90
65980@sky.local/1134d6db10d3159f3110b5e1-0000000000000015 => ::1 - - [30/Mar/2022:17:24:58 +0000] "method /api/v1/auth/register HTTP/1.1" 201 311
65980@sky.local/1134d6db10d3159f3110b5e1-0000000000000016 => ::1 - - [30/Mar/2022:17:27:45 +0000] "method /api/v1/auth/register HTTP/1.1" 400 90
65980@sky.local/1134d6db10d3159f3110b5e1-0000000000000017 => ::1 - - [30/Mar/2022:17:27:47 +0000] "method /api/v1/auth/register HTTP/1.1" 201 312
65980@sky.local/1134d6db10d3159f3110b5e1-0000000000000018 => ::1 - - [30/Mar/2022:17:28:37 +0000] "method /api/v1/auth/register HTTP/1.1" 400 90
65980@sky.local/1134d6db10d3159f3110b5e1-0000000000000019 => ::1 - - [30/Mar/2022:17:28:41 +0000] "method /api/v1/auth/register HTTP/1.1" 201 315
65980@sky.local/1134d6db10d3159f3110b5e1-0000000000000020 => ::1 - - [30/Mar/2022:17:29:09 +0000] "method /api/v1/auth/register HTTP/1.1" 400 90
65980@sky.local/1134d6db10d3159f3110b5e1-0000000000000021 => ::1 - - [30/Mar/2022:17:29:12 +0000] "method /api/v1/auth/register HTTP/1.1" 201 319
65980@sky.local/1134d6db10d3159f3110b5e1-0000000000000022 => ::1 - - [30/Mar/2022:17:29:44 +0000] "method /api/v1/auth/register HTTP/1.1" 400 90
65980@sky.local/1134d6db10d3159f3110b5e1-0000000000000023 => ::1 - - [30/Mar/2022:17:29:46 +0000] "method /api/v1/auth/register HTTP/1.1" 201 323
99402@sky.local/72eb5ea09eff641a52d2308c-0000000000000001 => ::1 - - [30/Mar/2022:17:29:56 +0000] "method /api/v1/auth/register HTTP/1.1" 400 90
99402@sky.local/72eb5ea09eff641a52d2308c-0000000000000002 => ::1 - - [30/Mar/2022:17:29:58 +0000] "method /api/v1/auth/register HTTP/1.1" 201 348
544@sky.local/a83c2a34aeaf24185d0dfd7c-0000000000000001 => ::1 - - [30/Mar/2022:17:45:30 +0000] "method /api/v1/services/users?page=1&perPage=1010&status=1,2,3 HTTP/1.1" 200 73
544@sky.local/a83c2a34aeaf24185d0dfd7c-0000000000000002 => ::1 - - [30/Mar/2022:17:45:41 +0000] "method /api/v1/services/users?page=1&perPage=1010&status=1,2,3&bdm=true HTTP/1.1" 200 73
593@sky.local/0a774dc2d72addec9ef2579a-0000000000000001 => ::1 - - [30/Mar/2022:17:46:03 +0000] "method /api/v1/services/users?page=1&perPage=1010&status=1,2,3&bdm=true HTTP/1.1" 200 73
593@sky.local/0a774dc2d72addec9ef2579a-0000000000000002 => ::1 - - [30/Mar/2022:17:46:13 +0000] "method /api/v1/services/users?page=1&perPage=1010&status=1,2,3&badm=true HTTP/1.1" 200 579
641@sky.local/e939725f11b6b5d72ef1e4cf-0000000000000001 => ::1 - - [30/Mar/2022:17:46:51 +0000] "method /api/v1/services/users?page=1&perPage=1010&status=1,2,3&badm=true HTTP/1.1" 200 73
714@sky.local/02b63bb3aae61ffb560236e7-0000000000000001 => ::1 - - [30/Mar/2022:17:47:14 +0000] "method /api/v1/services/users?page=1&perPage=1010&status=1,2,3&badm=true HTTP/1.1" 200 579
714@sky.local/02b63bb3aae61ffb560236e7-0000000000000002 => ::1 - - [30/Mar/2022:17:47:20 +0000] "method /api/v1/services/users?page=1&perPage=1010&status=1 HTTP/1.1" 200 73
714@sky.local/02b63bb3aae61ffb560236e7-0000000000000003 => ::1 - - [30/Mar/2022:17:47:58 +0000] "method /api/v1/services/users?page=1&perPage=1010&status=1 HTTP/1.1" 200 73
714@sky.local/02b63bb3aae61ffb560236e7-0000000000000004 => ::1 - - [30/Mar/2022:17:47:59 +0000] "method /api/v1/services/users?page=1&perPage=1010&status=2 HTTP/1.1" 200 73
714@sky.local/02b63bb3aae61ffb560236e7-0000000000000005 => ::1 - - [30/Mar/2022:17:48:00 +0000] "method /api/v1/services/users?page=1&perPage=1010&status=3 HTTP/1.1" 200 73
714@sky.local/02b63bb3aae61ffb560236e7-0000000000000006 => ::1 - - [30/Mar/2022:17:48:02 +0000] "method /api/v1/services/users?page=1&perPage=1010&status=1,2,3 HTTP/1.1" 200 73
714@sky.local/02b63bb3aae61ffb560236e7-0000000000000007 => ::1 - - [30/Mar/2022:17:48:09 +0000] "method /api/v1/services/users?page=1&perPage=1010&status=1,2,3&badm=true HTTP/1.1" 200 579
714@sky.local/02b63bb3aae61ffb560236e7-0000000000000008 => ::1 - - [30/Mar/2022:17:48:12 +0000] "method /api/v1/services/users?page=1&perPage=1010&status=1,2,3&badm=false HTTP/1.1" 200 73
714@sky.local/02b63bb3aae61ffb560236e7-0000000000000009 => ::1 - - [30/Mar/2022:17:48:15 +0000] "method /api/v1/services/users?page=1&perPage=1010&status=1,2,3&badm=true HTTP/1.1" 200 579
811@sky.local/e01c52e15a97628e8fd6743e-0000000000000001 => ::1 - - [30/Mar/2022:17:48:47 +0000] "method /api/v1/services/users?page=1&perPage=1010&status=1,2,3&badm=true HTTP/1.1" 200 579
811@sky.local/e01c52e15a97628e8fd6743e-0000000000000002 => ::1 - - [30/Mar/2022:17:48:52 +0000] "method /api/v1/services/users?page=1&perPage=1010&status=1,2,3&badm=false HTTP/1.1" 200 73
1012@sky.local/cf3c526be55aa17a48f94cc9-0000000000000001 => ::1 - - [30/Mar/2022:17:51:28 +0000] "method /api/v1/services/users?page=1&perPage=1010&status=1,2,3&badm=false HTTP/1.1" 200 73
1012@sky.local/cf3c526be55aa17a48f94cc9-0000000000000002 => ::1 - - [30/Mar/2022:17:51:31 +0000] "method /api/v1/services/users?page=1&perPage=1010&status=1,2,3&badm=false HTTP/1.1" 200 73
1012@sky.local/cf3c526be55aa17a48f94cc9-0000000000000003 => ::1 - - [30/Mar/2022:17:51:34 +0000] "method /api/v1/services/users?page=1&perPage=1010&status=1,2,3&badm=true HTTP/1.1" 200 579
1059@sky.local/a7eeec38fc632c8de1a68bd7-0000000000000001 => ::1 - - [30/Mar/2022:17:51:55 +0000] "method /api/v1/services/users?page=1&perPage=1010&status=1,2,3&badm=true HTTP/1.1" 200 5437
1287@sky.local/744de1d6f5cd79b4c8459174-0000000000000001 => ::1 - - [30/Mar/2022:17:56:23 +0000] "method /api/v1/services/users?page=1&perPage=1010&status=1,2,3&badm=true HTTP/1.1" 200 5438
1287@sky.local/744de1d6f5cd79b4c8459174-0000000000000002 => ::1 - - [30/Mar/2022:17:56:42 +0000] "method /api/v1/services/users?page=1&perPage=1010&status=1,2,3&badm=false HTTP/1.1" 200 5438
1287@sky.local/744de1d6f5cd79b4c8459174-0000000000000003 => ::1 - - [30/Mar/2022:17:57:10 +0000] "method /api/v1/services/users?page=1&perPage=1010&status=1,2,3&badm=false HTTP/1.1" 200 5438
1360@sky.local/9d5a8dea016a42d7546d90ea-0000000000000001 => ::1 - - [30/Mar/2022:17:57:29 +0000] "method /api/v1/services/users?page=1&perPage=1010&status=1,2,3&badm=false HTTP/1.1" 200 5438
1360@sky.local/9d5a8dea016a42d7546d90ea-0000000000000002 => ::1 - - [30/Mar/2022:17:58:01 +0000] "method /api/v1/services/users?page=1&perPage=1010&status=1,2,3&badm=true HTTP/1.1" 200 5438
1360@sky.local/9d5a8dea016a42d7546d90ea-0000000000000003 => ::1 - - [30/Mar/2022:17:58:15 +0000] "method /api/v1/services/users?page=1&perPage=1010&status=1,2,3&badm=true HTTP/1.1" 200 5438
1437@sky.local/e94163c982033103ce54fe09-0000000000000001 => ::1 - - [30/Mar/2022:17:58:23 +0000] "method /api/v1/services/users?page=1&perPage=1010&status=1,2,3&badm=true HTTP/1.1" 200 5438
1437@sky.local/e94163c982033103ce54fe09-0000000000000002 => ::1 - - [30/Mar/2022:17:59:39 +0000] "method /api/v1/services/users?page=1&perPage=1010&status=1,2,3&badm=1 HTTP/1.1" 200 5438
1518@sky.local/c46bc9a89f1b4147ae257fba-0000000000000001 => ::1 - - [30/Mar/2022:17:59:45 +0000] "method /api/v1/services/users?page=1&perPage=1010&status=1,2,3&badm=1 HTTP/1.1" 200 73
1518@sky.local/c46bc9a89f1b4147ae257fba-0000000000000002 => ::1 - - [30/Mar/2022:17:59:50 +0000] "method /api/v1/services/users?page=1&perPage=1010&status=1,2,3&badm=0 HTTP/1.1" 200 698254
1518@sky.local/c46bc9a89f1b4147ae257fba-0000000000000003 => ::1 - - [30/Mar/2022:17:59:52 +0000] "method /api/v1/services/users?page=1&perPage=1010&status=1,2,3&badm=1 HTTP/1.1" 200 73
1518@sky.local/c46bc9a89f1b4147ae257fba-0000000000000004 => ::1 - - [30/Mar/2022:18:00:08 +0000] "method /api/v1/auth/register HTTP/1.1" 201 336
1518@sky.local/c46bc9a89f1b4147ae257fba-0000000000000005 => ::1 - - [30/Mar/2022:18:00:14 +0000] "method /api/v1/services/users?page=1&perPage=1010&status=1,2,3&badm=1 HTTP/1.1" 200 567
1982@sky.local/aad93c15f03a986442771ddc-0000000000000001 => ::1 - - [30/Mar/2022:18:08:44 +0000] "method /api/v1/services/users?page=1&perPage=1010&status=1,2,3&badm=1 HTTP/1.1" 200 567
1982@sky.local/aad93c15f03a986442771ddc-0000000000000002 => ::1 - - [30/Mar/2022:18:09:09 +0000] "method /api/v1/services/service-requests HTTP/1.1" 200 51
1982@sky.local/aad93c15f03a986442771ddc-0000000000000003 => ::1 - - [30/Mar/2022:18:09:15 +0000] "method /api/v1/services/service-requests HTTP/1.1" 200 433
1982@sky.local/aad93c15f03a986442771ddc-0000000000000004 => ::1 - - [30/Mar/2022:18:09:41 +0000] "method /api/v1/services/service-requests/6242bc6cb488a1888ca3904a HTTP/1.1" 200 51
1982@sky.local/aad93c15f03a986442771ddc-0000000000000005 => ::1 - - [30/Mar/2022:18:09:47 +0000] "method /api/v1/services/service-requests/6242bc6cb488a1888ca3904a HTTP/1.1" 200 45
1982@sky.local/aad93c15f03a986442771ddc-0000000000000006 => ::1 - - [30/Mar/2022:18:10:25 +0000] "method /api/v1/services/users?page=1&perPage=1010&status=1,2,3&badm=1 HTTP/1.1" 200 567
1982@sky.local/aad93c15f03a986442771ddc-0000000000000007 => ::1 - - [30/Mar/2022:18:10:28 +0000] "method /api/v1/services/users?page=1&perPage=1010&status=1,2,3&badm=0 HTTP/1.1" 200 700185
1982@sky.local/aad93c15f03a986442771ddc-0000000000000008 => ::1 - - [30/Mar/2022:18:10:30 +0000] "method /api/v1/services/users?page=1&perPage=1010&status=1,2,3&badm=1 HTTP/1.1" 200 567
1982@sky.local/aad93c15f03a986442771ddc-0000000000000009 => ::1 - - [30/Mar/2022:18:10:36 +0000] "method /api/v1/services/users?page=1&perPage=1010&status=1,2,3 HTTP/1.1" 200 700185
